<?xml version="1.0" encoding="UTF-8"?>
<!-- Generated by org.testng.reporters.JUnitXMLReporter -->
<testsuite hostname="DESKTOP-AAL18DJ" ignored="0" name="Surefire test" tests="9" failures="0" timestamp="17 ноя 2018 14:24:24 GMT" time="155.706" errors="0">
  <testcase name="duplicateEmailInRegistration" time="12.244" classname="com.softserve.edu.RegistrationTest"/>
  <testcase name="equivalencePartitioningTestInputValues" time="10.846" classname="com.softserve.edu.RegistrationTest"/>
  <testcase name="maximumInputBV" time="25.668" classname="com.softserve.edu.RegistrationTest"/>
  <testcase name="minimumInputBV" time="9.189" classname="com.softserve.edu.RegistrationTest"/>
  <testcase name="overMaximumInputBV" time="25.047" classname="com.softserve.edu.RegistrationTest"/>
  <testcase name="registrationWithOutPrivacyPolicyButton" time="10.551" classname="com.softserve.edu.RegistrationTest"/>
  <testcase name="trueRegistrationTest" time="10.013" classname="com.softserve.edu.RegistrationTest"/>
  <testcase name="unValidEmailInRegistration" time="9.302" classname="com.softserve.edu.RegistrationTest"/>
  <testcase name="voidRegistration" time="6.854" classname="com.softserve.edu.RegistrationTest"/>
</testsuite> <!-- Surefire test -->
