<?xml version="1.0" encoding="UTF-8"?>
<!-- Generated by org.testng.reporters.JUnitXMLReporter -->
<testsuite hostname="DESKTOP-JKE93UK" ignored="0" name="Surefire test" tests="9" failures="0" timestamp="16 ноя 2018 00:02:17 GMT" time="66.833" errors="0">
  <testcase name="duplicateEmailInRegistration" time="7.973" classname="com.softserve.edu.RegistrationTest"/>
  <testcase name="equivalencePartitioningTestInputValues" time="3.344" classname="com.softserve.edu.RegistrationTest"/>
  <testcase name="maximumInputBV" time="6.066" classname="com.softserve.edu.RegistrationTest"/>
  <testcase name="minimumInputBV" time="3.002" classname="com.softserve.edu.RegistrationTest"/>
  <testcase name="overMaximumInputBV" time="10.948" classname="com.softserve.edu.RegistrationTest"/>
  <testcase name="registrationWithOutPrivacyPolicyButton" time="7.746" classname="com.softserve.edu.RegistrationTest"/>
  <testcase name="trueRegistrationTest" time="3.124" classname="com.softserve.edu.RegistrationTest"/>
  <testcase name="unValidEmailInRegistration" time="7.426" classname="com.softserve.edu.RegistrationTest"/>
  <testcase name="voidRegistration" time="6.346" classname="com.softserve.edu.RegistrationTest"/>
</testsuite> <!-- Surefire test -->
