-------------------------------------------------------------------------------
Test set: TestSuite
-------------------------------------------------------------------------------
Tests run: 1, Failures: 1, Errors: 0, Skipped: 0, Time elapsed: 16.141 s <<< FAILURE! - in TestSuite
checkLogin(com.softserve.edu.opencart.test.RegistrationTest)  Time elapsed: 1.437 s  <<< FAILURE!
java.lang.StackOverflowError

