<?xml version="1.0" encoding="UTF-8"?>
<testsuite xmlns:xsi="http://www.w3.org/2001/XMLSchema-instance" xsi:noNamespaceSchemaLocation="https://maven.apache.org/surefire/maven-surefire-plugin/xsd/surefire-test-report.xsd" name="com.softserve.edu.RegistrationTest" time="157.133" tests="9" errors="0" skipped="0" failures="0">
  <properties>
[...]
</properties>
  <testcase name="duplicateEmailInRegistration" classname="com.softserve.edu.RegistrationTest" time="12.244"/>
  <testcase name="equivalencePartitioningTestInputValues" classname="com.softserve.edu.RegistrationTest" time="10.846"/>
  <testcase name="maximumInputBV" classname="com.softserve.edu.RegistrationTest" time="25.666"/>
  <testcase name="minimumInputBV" classname="com.softserve.edu.RegistrationTest" time="9.191"/>
  <testcase name="overMaximumInputBV" classname="com.softserve.edu.RegistrationTest" time="25.046"/>
  <testcase name="registrationWithOutPrivacyPolicyButton" classname="com.softserve.edu.RegistrationTest" time="10.549"/>
  <testcase name="trueRegistrationTest" classname="com.softserve.edu.RegistrationTest" time="10.013"/>
  <testcase name="unValidEmailInRegistration" classname="com.softserve.edu.RegistrationTest" time="9.302"/>
  <testcase name="voidRegistration" classname="com.softserve.edu.RegistrationTest" time="6.853"/>
</testsuite>