<?xml version="1.0" encoding="UTF-8"?>
<testng-results skipped="0" failed="1" ignored="0" total="1" passed="0">
  <reporter-output>
  </reporter-output>
  <suite name="Surefire suite" duration-ms="14992" started-at="2018-12-08T23:15:13Z" finished-at="2018-12-08T23:15:28Z">
    <groups>
    </groups>
    <test name="Surefire test" duration-ms="14992" started-at="2018-12-08T23:15:13Z" finished-at="2018-12-08T23:15:28Z">
      <class name="com.softserve.edu.opencart.test.RegistrationTest">
        <test-method status="PASS" signature="beforeClass(org.testng.ITestContext)[pri:0, instance:com.softserve.edu.opencart.test.RegistrationTest@c0edeb]" name="beforeClass" is-config="true" duration-ms="10454" started-at="2018-12-08T23:15:13Z" finished-at="2018-12-08T23:15:23Z">
          <params>
            <param index="0">
              <value>
                <![CDATA[org.testng.TestRunner@13d101b]]>
              </value>
            </param>
          </params>
          <reporter-output>
          </reporter-output>
        </test-method> <!-- beforeClass -->
        <test-method status="PASS" signature="beforeMethod()[pri:0, instance:com.softserve.edu.opencart.test.RegistrationTest@c0edeb]" name="beforeMethod" is-config="true" duration-ms="1670" started-at="2018-12-08T23:15:23Z" finished-at="2018-12-08T23:15:25Z">
          <reporter-output>
          </reporter-output>
        </test-method> <!-- beforeMethod -->
        <test-method status="FAIL" signature="checkLogin(com.softserve.edu.opencart.data.user.IUser)[pri:0, instance:com.softserve.edu.opencart.test.RegistrationTest@c0edeb]" name="checkLogin" duration-ms="1399" started-at="2018-12-08T23:15:25Z" data-provider="validUsers" finished-at="2018-12-08T23:15:26Z">
          <params>
            <param index="0">
              <value>
                <![CDATA[com.softserve.edu.opencart.data.user.User@114a7d4]]>
              </value>
            </param>
          </params>
          <exception class="java.lang.StackOverflowError">
            <full-stacktrace>
              <![CDATA[java.lang.StackOverflowError
at com.softserve.edu.opencart.pages.AHeadPage.getDropdownOptions(AHeadPage.java:179)
at com.softserve.edu.opencart.pages.AHeadPage.getDropdownOptions(AHeadPage.java:179)
at com.softserve.edu.opencart.pages.AHeadPage.getDropdownOptions(AHeadPage.java:179)
at com.softserve.edu.opencart.pages.AHeadPage.getDropdownOptions(AHeadPage.java:179)
at com.softserve.edu.opencart.pages.AHeadPage.getDropdownOptions(AHeadPage.java:179)
at com.softserve.edu.opencart.pages.AHeadPage.getDropdownOptions(AHeadPage.java:179)
at com.softserve.edu.opencart.pages.AHeadPage.getDropdownOptions(AHeadPage.java:179)
at com.softserve.edu.opencart.pages.AHeadPage.getDropdownOptions(AHeadPage.java:179)
at com.softserve.edu.opencart.pages.AHeadPage.getDropdownOptions(AHeadPage.java:179)
at com.softserve.edu.opencart.pages.AHeadPage.getDropdownOptions(AHeadPage.java:179)
at com.softserve.edu.opencart.pages.AHeadPage.getDropdownOptions(AHeadPage.java:179)
at com.softserve.edu.opencart.pages.AHeadPage.getDropdownOptions(AHeadPage.java:179)
at com.softserve.edu.opencart.pages.AHeadPage.getDropdownOptions(AHeadPage.java:179)
at com.softserve.edu.opencart.pages.AHeadPage.getDropdownOptions(AHeadPage.java:179)
at com.softserve.edu.opencart.pages.AHeadPage.getDropdownOptions(AHeadPage.java:179)
at com.softserve.edu.opencart.pages.AHeadPage.getDropdownOptions(AHeadPage.java:179)
at com.softserve.edu.opencart.pages.AHeadPage.getDropdownOptions(AHeadPage.java:179)
at com.softserve.edu.opencart.pages.AHeadPage.getDropdownOptions(AHeadPage.java:179)
at com.softserve.edu.opencart.pages.AHeadPage.getDropdownOptions(AHeadPage.java:179)
at com.softserve.edu.opencart.pages.AHeadPage.getDropdownOptions(AHeadPage.java:179)
at com.softserve.edu.opencart.pages.AHeadPage.getDropdownOptions(AHeadPage.java:179)
at com.softserve.edu.opencart.pages.AHeadPage.getDropdownOptions(AHeadPage.java:179)
at com.softserve.edu.opencart.pages.AHeadPage.getDropdownOptions(AHeadPage.java:179)
at com.softserve.edu.opencart.pages.AHeadPage.getDropdownOptions(AHeadPage.java:179)
at com.softserve.edu.opencart.pages.AHeadPage.getDropdownOptions(AHeadPage.java:179)
at com.softserve.edu.opencart.pages.AHeadPage.getDropdownOptions(AHeadPage.java:179)
at com.softserve.edu.opencart.pages.AHeadPage.getDropdownOptions(AHeadPage.java:179)
at com.softserve.edu.opencart.pages.AHeadPage.getDropdownOptions(AHeadPage.java:179)
at com.softserve.edu.opencart.pages.AHeadPage.getDropdownOptions(AHeadPage.java:179)
at com.softserve.edu.opencart.pages.AHeadPage.getDropdownOptions(AHeadPage.java:179)
at com.softserve.edu.opencart.pages.AHeadPage.getDropdownOptions(AHeadPage.java:179)
at com.softserve.edu.opencart.pages.AHeadPage.getDropdownOptions(AHeadPage.java:179)
at com.softserve.edu.opencart.pages.AHeadPage.getDropdownOptions(AHeadPage.java:179)
at com.softserve.edu.opencart.pages.AHeadPage.getDropdownOptions(AHeadPage.java:179)
at com.softserve.edu.opencart.pages.AHeadPage.getDropdownOptions(AHeadPage.java:179)
at com.softserve.edu.opencart.pages.AHeadPage.getDropdownOptions(AHeadPage.java:179)
at com.softserve.edu.opencart.pages.AHeadPage.getDropdownOptions(AHeadPage.java:179)
at com.softserve.edu.opencart.pages.AHeadPage.getDropdownOptions(AHeadPage.java:179)
at com.softserve.edu.opencart.pages.AHeadPage.getDropdownOptions(AHeadPage.java:179)
at com.softserve.edu.opencart.pages.AHeadPage.getDropdownOptions(AHeadPage.java:179)
at com.softserve.edu.opencart.pages.AHeadPage.getDropdownOptions(AHeadPage.java:179)
at com.softserve.edu.opencart.pages.AHeadPage.getDropdownOptions(AHeadPage.java:179)
at com.softserve.edu.opencart.pages.AHeadPage.getDropdownOptions(AHeadPage.java:179)
at com.softserve.edu.opencart.pages.AHeadPage.getDropdownOptions(AHeadPage.java:179)
at com.softserve.edu.opencart.pages.AHeadPage.getDropdownOptions(AHeadPage.java:179)
at com.softserve.edu.opencart.pages.AHeadPage.getDropdownOptions(AHeadPage.java:179)
at com.softserve.edu.opencart.pages.AHeadPage.getDropdownOptions(AHeadPage.java:179)
at com.softserve.edu.opencart.pages.AHeadPage.getDropdownOptions(AHeadPage.java:179)
at com.softserve.edu.opencart.pages.AHeadPage.getDropdownOptions(AHeadPage.java:179)
at com.softserve.edu.opencart.pages.AHeadPage.getDropdownOptions(AHeadPage.java:179)
at com.softserve.edu.opencart.pages.AHeadPage.getDropdownOptions(AHeadPage.java:179)
at com.softserve.edu.opencart.pages.AHeadPage.getDropdownOptions(AHeadPage.java:179)
at com.softserve.edu.opencart.pages.AHeadPage.getDropdownOptions(AHeadPage.java:179)
at com.softserve.edu.opencart.pages.AHeadPage.getDropdownOptions(AHeadPage.java:179)
at com.softserve.edu.opencart.pages.AHeadPage.getDropdownOptions(AHeadPage.java:179)
at com.softserve.edu.opencart.pages.AHeadPage.getDropdownOptions(AHeadPage.java:179)
at com.softserve.edu.opencart.pages.AHeadPage.getDropdownOptions(AHeadPage.java:179)
at com.softserve.edu.opencart.pages.AHeadPage.getDropdownOptions(AHeadPage.java:179)
at com.softserve.edu.opencart.pages.AHeadPage.getDropdownOptions(AHeadPage.java:179)
at com.softserve.edu.opencart.pages.AHeadPage.getDropdownOptions(AHeadPage.java:179)
at com.softserve.edu.opencart.pages.AHeadPage.getDropdownOptions(AHeadPage.java:179)
at com.softserve.edu.opencart.pages.AHeadPage.getDropdownOptions(AHeadPage.java:179)
at com.softserve.edu.opencart.pages.AHeadPage.getDropdownOptions(AHeadPage.java:179)
at com.softserve.edu.opencart.pages.AHeadPage.getDropdownOptions(AHeadPage.java:179)
at com.softserve.edu.opencart.pages.AHeadPage.getDropdownOptions(AHeadPage.java:179)
at com.softserve.edu.opencart.pages.AHeadPage.getDropdownOptions(AHeadPage.java:179)
at com.softserve.edu.opencart.pages.AHeadPage.getDropdownOptions(AHeadPage.java:179)
at com.softserve.edu.opencart.pages.AHeadPage.getDropdownOptions(AHeadPage.java:179)
at com.softserve.edu.opencart.pages.AHeadPage.getDropdownOptions(AHeadPage.java:179)
at com.softserve.edu.opencart.pages.AHeadPage.getDropdownOptions(AHeadPage.java:179)
at com.softserve.edu.opencart.pages.AHeadPage.getDropdownOptions(AHeadPage.java:179)
at com.softserve.edu.opencart.pages.AHeadPage.getDropdownOptions(AHeadPage.java:179)
at com.softserve.edu.opencart.pages.AHeadPage.getDropdownOptions(AHeadPage.java:179)
at com.softserve.edu.opencart.pages.AHeadPage.getDropdownOptions(AHeadPage.java:179)
at com.softserve.edu.opencart.pages.AHeadPage.getDropdownOptions(AHeadPage.java:179)
at com.softserve.edu.opencart.pages.AHeadPage.getDropdownOptions(AHeadPage.java:179)
at com.softserve.edu.opencart.pages.AHeadPage.getDropdownOptions(AHeadPage.java:179)
at com.softserve.edu.opencart.pages.AHeadPage.getDropdownOptions(AHeadPage.java:179)
at com.softserve.edu.opencart.pages.AHeadPage.getDropdownOptions(AHeadPage.java:179)
at com.softserve.edu.opencart.pages.AHeadPage.getDropdownOptions(AHeadPage.java:179)
at com.softserve.edu.opencart.pages.AHeadPage.getDropdownOptions(AHeadPage.java:179)
at com.softserve.edu.opencart.pages.AHeadPage.getDropdownOptions(AHeadPage.java:179)
at com.softserve.edu.opencart.pages.AHeadPage.getDropdownOptions(AHeadPage.java:179)
at com.softserve.edu.opencart.pages.AHeadPage.getDropdownOptions(AHeadPage.java:179)
at com.softserve.edu.opencart.pages.AHeadPage.getDropdownOptions(AHeadPage.java:179)
at com.softserve.edu.opencart.pages.AHeadPage.getDropdownOptions(AHeadPage.java:179)
at com.softserve.edu.opencart.pages.AHeadPage.getDropdownOptions(AHeadPage.java:179)
at com.softserve.edu.opencart.pages.AHeadPage.getDropdownOptions(AHeadPage.java:179)
at com.softserve.edu.opencart.pages.AHeadPage.getDropdownOptions(AHeadPage.java:179)
at com.softserve.edu.opencart.pages.AHeadPage.getDropdownOptions(AHeadPage.java:179)
at com.softserve.edu.opencart.pages.AHeadPage.getDropdownOptions(AHeadPage.java:179)
at com.softserve.edu.opencart.pages.AHeadPage.getDropdownOptions(AHeadPage.java:179)
at com.softserve.edu.opencart.pages.AHeadPage.getDropdownOptions(AHeadPage.java:179)
at com.softserve.edu.opencart.pages.AHeadPage.getDropdownOptions(AHeadPage.java:179)
at com.softserve.edu.opencart.pages.AHeadPage.getDropdownOptions(AHeadPage.java:179)
at com.softserve.edu.opencart.pages.AHeadPage.getDropdownOptions(AHeadPage.java:179)
at com.softserve.edu.opencart.pages.AHeadPage.getDropdownOptions(AHeadPage.java:179)
at com.softserve.edu.opencart.pages.AHeadPage.getDropdownOptions(AHeadPage.java:179)
at com.softserve.edu.opencart.pages.AHeadPage.getDropdownOptions(AHeadPage.java:179)
at com.softserve.edu.opencart.pages.AHeadPage.getDropdownOptions(AHeadPage.java:179)
at com.softserve.edu.opencart.pages.AHeadPage.getDropdownOptions(AHeadPage.java:179)
at com.softserve.edu.opencart.pages.AHeadPage.getDropdownOptions(AHeadPage.java:179)
at com.softserve.edu.opencart.pages.AHeadPage.getDropdownOptions(AHeadPage.java:179)
at com.softserve.edu.opencart.pages.AHeadPage.getDropdownOptions(AHeadPage.java:179)
at com.softserve.edu.opencart.pages.AHeadPage.getDropdownOptions(AHeadPage.java:179)
at com.softserve.edu.opencart.pages.AHeadPage.getDropdownOptions(AHeadPage.java:179)
at com.softserve.edu.opencart.pages.AHeadPage.getDropdownOptions(AHeadPage.java:179)
at com.softserve.edu.opencart.pages.AHeadPage.getDropdownOptions(AHeadPage.java:179)
at com.softserve.edu.opencart.pages.AHeadPage.getDropdownOptions(AHeadPage.java:179)
at com.softserve.edu.opencart.pages.AHeadPage.getDropdownOptions(AHeadPage.java:179)
at com.softserve.edu.opencart.pages.AHeadPage.getDropdownOptions(AHeadPage.java:179)
at com.softserve.edu.opencart.pages.AHeadPage.getDropdownOptions(AHeadPage.java:179)
at com.softserve.edu.opencart.pages.AHeadPage.getDropdownOptions(AHeadPage.java:179)
at com.softserve.edu.opencart.pages.AHeadPage.getDropdownOptions(AHeadPage.java:179)
at com.softserve.edu.opencart.pages.AHeadPage.getDropdownOptions(AHeadPage.java:179)
at com.softserve.edu.opencart.pages.AHeadPage.getDropdownOptions(AHeadPage.java:179)
at com.softserve.edu.opencart.pages.AHeadPage.getDropdownOptions(AHeadPage.java:179)
at com.softserve.edu.opencart.pages.AHeadPage.getDropdownOptions(AHeadPage.java:179)
at com.softserve.edu.opencart.pages.AHeadPage.getDropdownOptions(AHeadPage.java:179)
at com.softserve.edu.opencart.pages.AHeadPage.getDropdownOptions(AHeadPage.java:179)
at com.softserve.edu.opencart.pages.AHeadPage.getDropdownOptions(AHeadPage.java:179)
at com.softserve.edu.opencart.pages.AHeadPage.getDropdownOptions(AHeadPage.java:179)
at com.softserve.edu.opencart.pages.AHeadPage.getDropdownOptions(AHeadPage.java:179)
at com.softserve.edu.opencart.pages.AHeadPage.getDropdownOptions(AHeadPage.java:179)
at com.softserve.edu.opencart.pages.AHeadPage.getDropdownOptions(AHeadPage.java:179)
at com.softserve.edu.opencart.pages.AHeadPage.getDropdownOptions(AHeadPage.java:179)
at com.softserve.edu.opencart.pages.AHeadPage.getDropdownOptions(AHeadPage.java:179)
at com.softserve.edu.opencart.pages.AHeadPage.getDropdownOptions(AHeadPage.java:179)
at com.softserve.edu.opencart.pages.AHeadPage.getDropdownOptions(AHeadPage.java:179)
at com.softserve.edu.opencart.pages.AHeadPage.getDropdownOptions(AHeadPage.java:179)
at com.softserve.edu.opencart.pages.AHeadPage.getDropdownOptions(AHeadPage.java:179)
at com.softserve.edu.opencart.pages.AHeadPage.getDropdownOptions(AHeadPage.java:179)
at com.softserve.edu.opencart.pages.AHeadPage.getDropdownOptions(AHeadPage.java:179)
at com.softserve.edu.opencart.pages.AHeadPage.getDropdownOptions(AHeadPage.java:179)
at com.softserve.edu.opencart.pages.AHeadPage.getDropdownOptions(AHeadPage.java:179)
at com.softserve.edu.opencart.pages.AHeadPage.getDropdownOptions(AHeadPage.java:179)
at com.softserve.edu.opencart.pages.AHeadPage.getDropdownOptions(AHeadPage.java:179)
at com.softserve.edu.opencart.pages.AHeadPage.getDropdownOptions(AHeadPage.java:179)
at com.softserve.edu.opencart.pages.AHeadPage.getDropdownOptions(AHeadPage.java:179)
at com.softserve.edu.opencart.pages.AHeadPage.getDropdownOptions(AHeadPage.java:179)
at com.softserve.edu.opencart.pages.AHeadPage.getDropdownOptions(AHeadPage.java:179)
at com.softserve.edu.opencart.pages.AHeadPage.getDropdownOptions(AHeadPage.java:179)
at com.softserve.edu.opencart.pages.AHeadPage.getDropdownOptions(AHeadPage.java:179)
at com.softserve.edu.opencart.pages.AHeadPage.getDropdownOptions(AHeadPage.java:179)
at com.softserve.edu.opencart.pages.AHeadPage.getDropdownOptions(AHeadPage.java:179)
at com.softserve.edu.opencart.pages.AHeadPage.getDropdownOptions(AHeadPage.java:179)
at com.softserve.edu.opencart.pages.AHeadPage.getDropdownOptions(AHeadPage.java:179)
at com.softserve.edu.opencart.pages.AHeadPage.getDropdownOptions(AHeadPage.java:179)
at com.softserve.edu.opencart.pages.AHeadPage.getDropdownOptions(AHeadPage.java:179)
at com.softserve.edu.opencart.pages.AHeadPage.getDropdownOptions(AHeadPage.java:179)
at com.softserve.edu.opencart.pages.AHeadPage.getDropdownOptions(AHeadPage.java:179)
at com.softserve.edu.opencart.pages.AHeadPage.getDropdownOptions(AHeadPage.java:179)
at com.softserve.edu.opencart.pages.AHeadPage.getDropdownOptions(AHeadPage.java:179)
at com.softserve.edu.opencart.pages.AHeadPage.getDropdownOptions(AHeadPage.java:179)
at com.softserve.edu.opencart.pages.AHeadPage.getDropdownOptions(AHeadPage.java:179)
at com.softserve.edu.opencart.pages.AHeadPage.getDropdownOptions(AHeadPage.java:179)
at com.softserve.edu.opencart.pages.AHeadPage.getDropdownOptions(AHeadPage.java:179)
at com.softserve.edu.opencart.pages.AHeadPage.getDropdownOptions(AHeadPage.java:179)
at com.softserve.edu.opencart.pages.AHeadPage.getDropdownOptions(AHeadPage.java:179)
at com.softserve.edu.opencart.pages.AHeadPage.getDropdownOptions(AHeadPage.java:179)
at com.softserve.edu.opencart.pages.AHeadPage.getDropdownOptions(AHeadPage.java:179)
at com.softserve.edu.opencart.pages.AHeadPage.getDropdownOptions(AHeadPage.java:179)
at com.softserve.edu.opencart.pages.AHeadPage.getDropdownOptions(AHeadPage.java:179)
at com.softserve.edu.opencart.pages.AHeadPage.getDropdownOptions(AHeadPage.java:179)
at com.softserve.edu.opencart.pages.AHeadPage.getDropdownOptions(AHeadPage.java:179)
at com.softserve.edu.opencart.pages.AHeadPage.getDropdownOptions(AHeadPage.java:179)
at com.softserve.edu.opencart.pages.AHeadPage.getDropdownOptions(AHeadPage.java:179)
at com.softserve.edu.opencart.pages.AHeadPage.getDropdownOptions(AHeadPage.java:179)
at com.softserve.edu.opencart.pages.AHeadPage.getDropdownOptions(AHeadPage.java:179)
at com.softserve.edu.opencart.pages.AHeadPage.getDropdownOptions(AHeadPage.java:179)
at com.softserve.edu.opencart.pages.AHeadPage.getDropdownOptions(AHeadPage.java:179)
at com.softserve.edu.opencart.pages.AHeadPage.getDropdownOptions(AHeadPage.java:179)
at com.softserve.edu.opencart.pages.AHeadPage.getDropdownOptions(AHeadPage.java:179)
at com.softserve.edu.opencart.pages.AHeadPage.getDropdownOptions(AHeadPage.java:179)
at com.softserve.edu.opencart.pages.AHeadPage.getDropdownOptions(AHeadPage.java:179)
at com.softserve.edu.opencart.pages.AHeadPage.getDropdownOptions(AHeadPage.java:179)
at com.softserve.edu.opencart.pages.AHeadPage.getDropdownOptions(AHeadPage.java:179)
at com.softserve.edu.opencart.pages.AHeadPage.getDropdownOptions(AHeadPage.java:179)
at com.softserve.edu.opencart.pages.AHeadPage.getDropdownOptions(AHeadPage.java:179)
at com.softserve.edu.opencart.pages.AHeadPage.getDropdownOptions(AHeadPage.java:179)
at com.softserve.edu.opencart.pages.AHeadPage.getDropdownOptions(AHeadPage.java:179)
at com.softserve.edu.opencart.pages.AHeadPage.getDropdownOptions(AHeadPage.java:179)
at com.softserve.edu.opencart.pages.AHeadPage.getDropdownOptions(AHeadPage.java:179)
at com.softserve.edu.opencart.pages.AHeadPage.getDropdownOptions(AHeadPage.java:179)
at com.softserve.edu.opencart.pages.AHeadPage.getDropdownOptions(AHeadPage.java:179)
at com.softserve.edu.opencart.pages.AHeadPage.getDropdownOptions(AHeadPage.java:179)
at com.softserve.edu.opencart.pages.AHeadPage.getDropdownOptions(AHeadPage.java:179)
at com.softserve.edu.opencart.pages.AHeadPage.getDropdownOptions(AHeadPage.java:179)
at com.softserve.edu.opencart.pages.AHeadPage.getDropdownOptions(AHeadPage.java:179)
at com.softserve.edu.opencart.pages.AHeadPage.getDropdownOptions(AHeadPage.java:179)
at com.softserve.edu.opencart.pages.AHeadPage.getDropdownOptions(AHeadPage.java:179)
at com.softserve.edu.opencart.pages.AHeadPage.getDropdownOptions(AHeadPage.java:179)
at com.softserve.edu.opencart.pages.AHeadPage.getDropdownOptions(AHeadPage.java:179)
at com.softserve.edu.opencart.pages.AHeadPage.getDropdownOptions(AHeadPage.java:179)
at com.softserve.edu.opencart.pages.AHeadPage.getDropdownOptions(AHeadPage.java:179)
at com.softserve.edu.opencart.pages.AHeadPage.getDropdownOptions(AHeadPage.java:179)
at com.softserve.edu.opencart.pages.AHeadPage.getDropdownOptions(AHeadPage.java:179)
at com.softserve.edu.opencart.pages.AHeadPage.getDropdownOptions(AHeadPage.java:179)
at com.softserve.edu.opencart.pages.AHeadPage.getDropdownOptions(AHeadPage.java:179)
at com.softserve.edu.opencart.pages.AHeadPage.getDropdownOptions(AHeadPage.java:179)
at com.softserve.edu.opencart.pages.AHeadPage.getDropdownOptions(AHeadPage.java:179)
at com.softserve.edu.opencart.pages.AHeadPage.getDropdownOptions(AHeadPage.java:179)
at com.softserve.edu.opencart.pages.AHeadPage.getDropdownOptions(AHeadPage.java:179)
at com.softserve.edu.opencart.pages.AHeadPage.getDropdownOptions(AHeadPage.java:179)
at com.softserve.edu.opencart.pages.AHeadPage.getDropdownOptions(AHeadPage.java:179)
at com.softserve.edu.opencart.pages.AHeadPage.getDropdownOptions(AHeadPage.java:179)
at com.softserve.edu.opencart.pages.AHeadPage.getDropdownOptions(AHeadPage.java:179)
at com.softserve.edu.opencart.pages.AHeadPage.getDropdownOptions(AHeadPage.java:179)
at com.softserve.edu.opencart.pages.AHeadPage.getDropdownOptions(AHeadPage.java:179)
at com.softserve.edu.opencart.pages.AHeadPage.getDropdownOptions(AHeadPage.java:179)
at com.softserve.edu.opencart.pages.AHeadPage.getDropdownOptions(AHeadPage.java:179)
at com.softserve.edu.opencart.pages.AHeadPage.getDropdownOptions(AHeadPage.java:179)
at com.softserve.edu.opencart.pages.AHeadPage.getDropdownOptions(AHeadPage.java:179)
at com.softserve.edu.opencart.pages.AHeadPage.getDropdownOptions(AHeadPage.java:179)
at com.softserve.edu.opencart.pages.AHeadPage.getDropdownOptions(AHeadPage.java:179)
at com.softserve.edu.opencart.pages.AHeadPage.getDropdownOptions(AHeadPage.java:179)
at com.softserve.edu.opencart.pages.AHeadPage.getDropdownOptions(AHeadPage.java:179)
at com.softserve.edu.opencart.pages.AHeadPage.getDropdownOptions(AHeadPage.java:179)
at com.softserve.edu.opencart.pages.AHeadPage.getDropdownOptions(AHeadPage.java:179)
at com.softserve.edu.opencart.pages.AHeadPage.getDropdownOptions(AHeadPage.java:179)
at com.softserve.edu.opencart.pages.AHeadPage.getDropdownOptions(AHeadPage.java:179)
at com.softserve.edu.opencart.pages.AHeadPage.getDropdownOptions(AHeadPage.java:179)
at com.softserve.edu.opencart.pages.AHeadPage.getDropdownOptions(AHeadPage.java:179)
at com.softserve.edu.opencart.pages.AHeadPage.getDropdownOptions(AHeadPage.java:179)
at com.softserve.edu.opencart.pages.AHeadPage.getDropdownOptions(AHeadPage.java:179)
at com.softserve.edu.opencart.pages.AHeadPage.getDropdownOptions(AHeadPage.java:179)
at com.softserve.edu.opencart.pages.AHeadPage.getDropdownOptions(AHeadPage.java:179)
at com.softserve.edu.opencart.pages.AHeadPage.getDropdownOptions(AHeadPage.java:179)
at com.softserve.edu.opencart.pages.AHeadPage.getDropdownOptions(AHeadPage.java:179)
at com.softserve.edu.opencart.pages.AHeadPage.getDropdownOptions(AHeadPage.java:179)
at com.softserve.edu.opencart.pages.AHeadPage.getDropdownOptions(AHeadPage.java:179)
at com.softserve.edu.opencart.pages.AHeadPage.getDropdownOptions(AHeadPage.java:179)
at com.softserve.edu.opencart.pages.AHeadPage.getDropdownOptions(AHeadPage.java:179)
at com.softserve.edu.opencart.pages.AHeadPage.getDropdownOptions(AHeadPage.java:179)
at com.softserve.edu.opencart.pages.AHeadPage.getDropdownOptions(AHeadPage.java:179)
at com.softserve.edu.opencart.pages.AHeadPage.getDropdownOptions(AHeadPage.java:179)
at com.softserve.edu.opencart.pages.AHeadPage.getDropdownOptions(AHeadPage.java:179)
at com.softserve.edu.opencart.pages.AHeadPage.getDropdownOptions(AHeadPage.java:179)
at com.softserve.edu.opencart.pages.AHeadPage.getDropdownOptions(AHeadPage.java:179)
at com.softserve.edu.opencart.pages.AHeadPage.getDropdownOptions(AHeadPage.java:179)
at com.softserve.edu.opencart.pages.AHeadPage.getDropdownOptions(AHeadPage.java:179)
at com.softserve.edu.opencart.pages.AHeadPage.getDropdownOptions(AHeadPage.java:179)
at com.softserve.edu.opencart.pages.AHeadPage.getDropdownOptions(AHeadPage.java:179)
at com.softserve.edu.opencart.pages.AHeadPage.getDropdownOptions(AHeadPage.java:179)
at com.softserve.edu.opencart.pages.AHeadPage.getDropdownOptions(AHeadPage.java:179)
at com.softserve.edu.opencart.pages.AHeadPage.getDropdownOptions(AHeadPage.java:179)
at com.softserve.edu.opencart.pages.AHeadPage.getDropdownOptions(AHeadPage.java:179)
at com.softserve.edu.opencart.pages.AHeadPage.getDropdownOptions(AHeadPage.java:179)
at com.softserve.edu.opencart.pages.AHeadPage.getDropdownOptions(AHeadPage.java:179)
at com.softserve.edu.opencart.pages.AHeadPage.getDropdownOptions(AHeadPage.java:179)
at com.softserve.edu.opencart.pages.AHeadPage.getDropdownOptions(AHeadPage.java:179)
at com.softserve.edu.opencart.pages.AHeadPage.getDropdownOptions(AHeadPage.java:179)
at com.softserve.edu.opencart.pages.AHeadPage.getDropdownOptions(AHeadPage.java:179)
at com.softserve.edu.opencart.pages.AHeadPage.getDropdownOptions(AHeadPage.java:179)
at com.softserve.edu.opencart.pages.AHeadPage.getDropdownOptions(AHeadPage.java:179)
at com.softserve.edu.opencart.pages.AHeadPage.getDropdownOptions(AHeadPage.java:179)
at com.softserve.edu.opencart.pages.AHeadPage.getDropdownOptions(AHeadPage.java:179)
at com.softserve.edu.opencart.pages.AHeadPage.getDropdownOptions(AHeadPage.java:179)
at com.softserve.edu.opencart.pages.AHeadPage.getDropdownOptions(AHeadPage.java:179)
at com.softserve.edu.opencart.pages.AHeadPage.getDropdownOptions(AHeadPage.java:179)
at com.softserve.edu.opencart.pages.AHeadPage.getDropdownOptions(AHeadPage.java:179)
at com.softserve.edu.opencart.pages.AHeadPage.getDropdownOptions(AHeadPage.java:179)
at com.softserve.edu.opencart.pages.AHeadPage.getDropdownOptions(AHeadPage.java:179)
at com.softserve.edu.opencart.pages.AHeadPage.getDropdownOptions(AHeadPage.java:179)
at com.softserve.edu.opencart.pages.AHeadPage.getDropdownOptions(AHeadPage.java:179)
at com.softserve.edu.opencart.pages.AHeadPage.getDropdownOptions(AHeadPage.java:179)
at com.softserve.edu.opencart.pages.AHeadPage.getDropdownOptions(AHeadPage.java:179)
at com.softserve.edu.opencart.pages.AHeadPage.getDropdownOptions(AHeadPage.java:179)
at com.softserve.edu.opencart.pages.AHeadPage.getDropdownOptions(AHeadPage.java:179)
at com.softserve.edu.opencart.pages.AHeadPage.getDropdownOptions(AHeadPage.java:179)
at com.softserve.edu.opencart.pages.AHeadPage.getDropdownOptions(AHeadPage.java:179)
at com.softserve.edu.opencart.pages.AHeadPage.getDropdownOptions(AHeadPage.java:179)
at com.softserve.edu.opencart.pages.AHeadPage.getDropdownOptions(AHeadPage.java:179)
at com.softserve.edu.opencart.pages.AHeadPage.getDropdownOptions(AHeadPage.java:179)
at com.softserve.edu.opencart.pages.AHeadPage.getDropdownOptions(AHeadPage.java:179)
at com.softserve.edu.opencart.pages.AHeadPage.getDropdownOptions(AHeadPage.java:179)
at com.softserve.edu.opencart.pages.AHeadPage.getDropdownOptions(AHeadPage.java:179)
at com.softserve.edu.opencart.pages.AHeadPage.getDropdownOptions(AHeadPage.java:179)
at com.softserve.edu.opencart.pages.AHeadPage.getDropdownOptions(AHeadPage.java:179)
at com.softserve.edu.opencart.pages.AHeadPage.getDropdownOptions(AHeadPage.java:179)
at com.softserve.edu.opencart.pages.AHeadPage.getDropdownOptions(AHeadPage.java:179)
at com.softserve.edu.opencart.pages.AHeadPage.getDropdownOptions(AHeadPage.java:179)
at com.softserve.edu.opencart.pages.AHeadPage.getDropdownOptions(AHeadPage.java:179)
at com.softserve.edu.opencart.pages.AHeadPage.getDropdownOptions(AHeadPage.java:179)
at com.softserve.edu.opencart.pages.AHeadPage.getDropdownOptions(AHeadPage.java:179)
at com.softserve.edu.opencart.pages.AHeadPage.getDropdownOptions(AHeadPage.java:179)
at com.softserve.edu.opencart.pages.AHeadPage.getDropdownOptions(AHeadPage.java:179)
at com.softserve.edu.opencart.pages.AHeadPage.getDropdownOptions(AHeadPage.java:179)
at com.softserve.edu.opencart.pages.AHeadPage.getDropdownOptions(AHeadPage.java:179)
at com.softserve.edu.opencart.pages.AHeadPage.getDropdownOptions(AHeadPage.java:179)
at com.softserve.edu.opencart.pages.AHeadPage.getDropdownOptions(AHeadPage.java:179)
at com.softserve.edu.opencart.pages.AHeadPage.getDropdownOptions(AHeadPage.java:179)
at com.softserve.edu.opencart.pages.AHeadPage.getDropdownOptions(AHeadPage.java:179)
at com.softserve.edu.opencart.pages.AHeadPage.getDropdownOptions(AHeadPage.java:179)
at com.softserve.edu.opencart.pages.AHeadPage.getDropdownOptions(AHeadPage.java:179)
at com.softserve.edu.opencart.pages.AHeadPage.getDropdownOptions(AHeadPage.java:179)
at com.softserve.edu.opencart.pages.AHeadPage.getDropdownOptions(AHeadPage.java:179)
at com.softserve.edu.opencart.pages.AHeadPage.getDropdownOptions(AHeadPage.java:179)
at com.softserve.edu.opencart.pages.AHeadPage.getDropdownOptions(AHeadPage.java:179)
at com.softserve.edu.opencart.pages.AHeadPage.getDropdownOptions(AHeadPage.java:179)
at com.softserve.edu.opencart.pages.AHeadPage.getDropdownOptions(AHeadPage.java:179)
at com.softserve.edu.opencart.pages.AHeadPage.getDropdownOptions(AHeadPage.java:179)
at com.softserve.edu.opencart.pages.AHeadPage.getDropdownOptions(AHeadPage.java:179)
at com.softserve.edu.opencart.pages.AHeadPage.getDropdownOptions(AHeadPage.java:179)
at com.softserve.edu.opencart.pages.AHeadPage.getDropdownOptions(AHeadPage.java:179)
at com.softserve.edu.opencart.pages.AHeadPage.getDropdownOptions(AHeadPage.java:179)
at com.softserve.edu.opencart.pages.AHeadPage.getDropdownOptions(AHeadPage.java:179)
at com.softserve.edu.opencart.pages.AHeadPage.getDropdownOptions(AHeadPage.java:179)
at com.softserve.edu.opencart.pages.AHeadPage.getDropdownOptions(AHeadPage.java:179)
at com.softserve.edu.opencart.pages.AHeadPage.getDropdownOptions(AHeadPage.java:179)
at com.softserve.edu.opencart.pages.AHeadPage.getDropdownOptions(AHeadPage.java:179)
at com.softserve.edu.opencart.pages.AHeadPage.getDropdownOptions(AHeadPage.java:179)
at com.softserve.edu.opencart.pages.AHeadPage.getDropdownOptions(AHeadPage.java:179)
at com.softserve.edu.opencart.pages.AHeadPage.getDropdownOptions(AHeadPage.java:179)
at com.softserve.edu.opencart.pages.AHeadPage.getDropdownOptions(AHeadPage.java:179)
at com.softserve.edu.opencart.pages.AHeadPage.getDropdownOptions(AHeadPage.java:179)
at com.softserve.edu.opencart.pages.AHeadPage.getDropdownOptions(AHeadPage.java:179)
at com.softserve.edu.opencart.pages.AHeadPage.getDropdownOptions(AHeadPage.java:179)
at com.softserve.edu.opencart.pages.AHeadPage.getDropdownOptions(AHeadPage.java:179)
at com.softserve.edu.opencart.pages.AHeadPage.getDropdownOptions(AHeadPage.java:179)
at com.softserve.edu.opencart.pages.AHeadPage.getDropdownOptions(AHeadPage.java:179)
at com.softserve.edu.opencart.pages.AHeadPage.getDropdownOptions(AHeadPage.java:179)
at com.softserve.edu.opencart.pages.AHeadPage.getDropdownOptions(AHeadPage.java:179)
at com.softserve.edu.opencart.pages.AHeadPage.getDropdownOptions(AHeadPage.java:179)
at com.softserve.edu.opencart.pages.AHeadPage.getDropdownOptions(AHeadPage.java:179)
at com.softserve.edu.opencart.pages.AHeadPage.getDropdownOptions(AHeadPage.java:179)
at com.softserve.edu.opencart.pages.AHeadPage.getDropdownOptions(AHeadPage.java:179)
at com.softserve.edu.opencart.pages.AHeadPage.getDropdownOptions(AHeadPage.java:179)
at com.softserve.edu.opencart.pages.AHeadPage.getDropdownOptions(AHeadPage.java:179)
at com.softserve.edu.opencart.pages.AHeadPage.getDropdownOptions(AHeadPage.java:179)
at com.softserve.edu.opencart.pages.AHeadPage.getDropdownOptions(AHeadPage.java:179)
at com.softserve.edu.opencart.pages.AHeadPage.getDropdownOptions(AHeadPage.java:179)
at com.softserve.edu.opencart.pages.AHeadPage.getDropdownOptions(AHeadPage.java:179)
at com.softserve.edu.opencart.pages.AHeadPage.getDropdownOptions(AHeadPage.java:179)
at com.softserve.edu.opencart.pages.AHeadPage.getDropdownOptions(AHeadPage.java:179)
at com.softserve.edu.opencart.pages.AHeadPage.getDropdownOptions(AHeadPage.java:179)
at com.softserve.edu.opencart.pages.AHeadPage.getDropdownOptions(AHeadPage.java:179)
at com.softserve.edu.opencart.pages.AHeadPage.getDropdownOptions(AHeadPage.java:179)
at com.softserve.edu.opencart.pages.AHeadPage.getDropdownOptions(AHeadPage.java:179)
at com.softserve.edu.opencart.pages.AHeadPage.getDropdownOptions(AHeadPage.java:179)
at com.softserve.edu.opencart.pages.AHeadPage.getDropdownOptions(AHeadPage.java:179)
at com.softserve.edu.opencart.pages.AHeadPage.getDropdownOptions(AHeadPage.java:179)
at com.softserve.edu.opencart.pages.AHeadPage.getDropdownOptions(AHeadPage.java:179)
at com.softserve.edu.opencart.pages.AHeadPage.getDropdownOptions(AHeadPage.java:179)
at com.softserve.edu.opencart.pages.AHeadPage.getDropdownOptions(AHeadPage.java:179)
at com.softserve.edu.opencart.pages.AHeadPage.getDropdownOptions(AHeadPage.java:179)
at com.softserve.edu.opencart.pages.AHeadPage.getDropdownOptions(AHeadPage.java:179)
at com.softserve.edu.opencart.pages.AHeadPage.getDropdownOptions(AHeadPage.java:179)
at com.softserve.edu.opencart.pages.AHeadPage.getDropdownOptions(AHeadPage.java:179)
at com.softserve.edu.opencart.pages.AHeadPage.getDropdownOptions(AHeadPage.java:179)
at com.softserve.edu.opencart.pages.AHeadPage.getDropdownOptions(AHeadPage.java:179)
at com.softserve.edu.opencart.pages.AHeadPage.getDropdownOptions(AHeadPage.java:179)
at com.softserve.edu.opencart.pages.AHeadPage.getDropdownOptions(AHeadPage.java:179)
at com.softserve.edu.opencart.pages.AHeadPage.getDropdownOptions(AHeadPage.java:179)
at com.softserve.edu.opencart.pages.AHeadPage.getDropdownOptions(AHeadPage.java:179)
at com.softserve.edu.opencart.pages.AHeadPage.getDropdownOptions(AHeadPage.java:179)
at com.softserve.edu.opencart.pages.AHeadPage.getDropdownOptions(AHeadPage.java:179)
at com.softserve.edu.opencart.pages.AHeadPage.getDropdownOptions(AHeadPage.java:179)
at com.softserve.edu.opencart.pages.AHeadPage.getDropdownOptions(AHeadPage.java:179)
at com.softserve.edu.opencart.pages.AHeadPage.getDropdownOptions(AHeadPage.java:179)
at com.softserve.edu.opencart.pages.AHeadPage.getDropdownOptions(AHeadPage.java:179)
at com.softserve.edu.opencart.pages.AHeadPage.getDropdownOptions(AHeadPage.java:179)
at com.softserve.edu.opencart.pages.AHeadPage.getDropdownOptions(AHeadPage.java:179)
at com.softserve.edu.opencart.pages.AHeadPage.getDropdownOptions(AHeadPage.java:179)
at com.softserve.edu.opencart.pages.AHeadPage.getDropdownOptions(AHeadPage.java:179)
at com.softserve.edu.opencart.pages.AHeadPage.getDropdownOptions(AHeadPage.java:179)
at com.softserve.edu.opencart.pages.AHeadPage.getDropdownOptions(AHeadPage.java:179)
at com.softserve.edu.opencart.pages.AHeadPage.getDropdownOptions(AHeadPage.java:179)
at com.softserve.edu.opencart.pages.AHeadPage.getDropdownOptions(AHeadPage.java:179)
at com.softserve.edu.opencart.pages.AHeadPage.getDropdownOptions(AHeadPage.java:179)
at com.softserve.edu.opencart.pages.AHeadPage.getDropdownOptions(AHeadPage.java:179)
at com.softserve.edu.opencart.pages.AHeadPage.getDropdownOptions(AHeadPage.java:179)
at com.softserve.edu.opencart.pages.AHeadPage.getDropdownOptions(AHeadPage.java:179)
at com.softserve.edu.opencart.pages.AHeadPage.getDropdownOptions(AHeadPage.java:179)
at com.softserve.edu.opencart.pages.AHeadPage.getDropdownOptions(AHeadPage.java:179)
at com.softserve.edu.opencart.pages.AHeadPage.getDropdownOptions(AHeadPage.java:179)
at com.softserve.edu.opencart.pages.AHeadPage.getDropdownOptions(AHeadPage.java:179)
at com.softserve.edu.opencart.pages.AHeadPage.getDropdownOptions(AHeadPage.java:179)
at com.softserve.edu.opencart.pages.AHeadPage.getDropdownOptions(AHeadPage.java:179)
at com.softserve.edu.opencart.pages.AHeadPage.getDropdownOptions(AHeadPage.java:179)
at com.softserve.edu.opencart.pages.AHeadPage.getDropdownOptions(AHeadPage.java:179)
at com.softserve.edu.opencart.pages.AHeadPage.getDropdownOptions(AHeadPage.java:179)
at com.softserve.edu.opencart.pages.AHeadPage.getDropdownOptions(AHeadPage.java:179)
at com.softserve.edu.opencart.pages.AHeadPage.getDropdownOptions(AHeadPage.java:179)
at com.softserve.edu.opencart.pages.AHeadPage.getDropdownOptions(AHeadPage.java:179)
at com.softserve.edu.opencart.pages.AHeadPage.getDropdownOptions(AHeadPage.java:179)
at com.softserve.edu.opencart.pages.AHeadPage.getDropdownOptions(AHeadPage.java:179)
at com.softserve.edu.opencart.pages.AHeadPage.getDropdownOptions(AHeadPage.java:179)
at com.softserve.edu.opencart.pages.AHeadPage.getDropdownOptions(AHeadPage.java:179)
at com.softserve.edu.opencart.pages.AHeadPage.getDropdownOptions(AHeadPage.java:179)
at com.softserve.edu.opencart.pages.AHeadPage.getDropdownOptions(AHeadPage.java:179)
at com.softserve.edu.opencart.pages.AHeadPage.getDropdownOptions(AHeadPage.java:179)
at com.softserve.edu.opencart.pages.AHeadPage.getDropdownOptions(AHeadPage.java:179)
at com.softserve.edu.opencart.pages.AHeadPage.getDropdownOptions(AHeadPage.java:179)
at com.softserve.edu.opencart.pages.AHeadPage.getDropdownOptions(AHeadPage.java:179)
at com.softserve.edu.opencart.pages.AHeadPage.getDropdownOptions(AHeadPage.java:179)
at com.softserve.edu.opencart.pages.AHeadPage.getDropdownOptions(AHeadPage.java:179)
at com.softserve.edu.opencart.pages.AHeadPage.getDropdownOptions(AHeadPage.java:179)
at com.softserve.edu.opencart.pages.AHeadPage.getDropdownOptions(AHeadPage.java:179)
at com.softserve.edu.opencart.pages.AHeadPage.getDropdownOptions(AHeadPage.java:179)
at com.softserve.edu.opencart.pages.AHeadPage.getDropdownOptions(AHeadPage.java:179)
at com.softserve.edu.opencart.pages.AHeadPage.getDropdownOptions(AHeadPage.java:179)
at com.softserve.edu.opencart.pages.AHeadPage.getDropdownOptions(AHeadPage.java:179)
at com.softserve.edu.opencart.pages.AHeadPage.getDropdownOptions(AHeadPage.java:179)
at com.softserve.edu.opencart.pages.AHeadPage.getDropdownOptions(AHeadPage.java:179)
at com.softserve.edu.opencart.pages.AHeadPage.getDropdownOptions(AHeadPage.java:179)
at com.softserve.edu.opencart.pages.AHeadPage.getDropdownOptions(AHeadPage.java:179)
at com.softserve.edu.opencart.pages.AHeadPage.getDropdownOptions(AHeadPage.java:179)
at com.softserve.edu.opencart.pages.AHeadPage.getDropdownOptions(AHeadPage.java:179)
at com.softserve.edu.opencart.pages.AHeadPage.getDropdownOptions(AHeadPage.java:179)
at com.softserve.edu.opencart.pages.AHeadPage.getDropdownOptions(AHeadPage.java:179)
at com.softserve.edu.opencart.pages.AHeadPage.getDropdownOptions(AHeadPage.java:179)
at com.softserve.edu.opencart.pages.AHeadPage.getDropdownOptions(AHeadPage.java:179)
at com.softserve.edu.opencart.pages.AHeadPage.getDropdownOptions(AHeadPage.java:179)
at com.softserve.edu.opencart.pages.AHeadPage.getDropdownOptions(AHeadPage.java:179)
at com.softserve.edu.opencart.pages.AHeadPage.getDropdownOptions(AHeadPage.java:179)
at com.softserve.edu.opencart.pages.AHeadPage.getDropdownOptions(AHeadPage.java:179)
at com.softserve.edu.opencart.pages.AHeadPage.getDropdownOptions(AHeadPage.java:179)
at com.softserve.edu.opencart.pages.AHeadPage.getDropdownOptions(AHeadPage.java:179)
at com.softserve.edu.opencart.pages.AHeadPage.getDropdownOptions(AHeadPage.java:179)
at com.softserve.edu.opencart.pages.AHeadPage.getDropdownOptions(AHeadPage.java:179)
at com.softserve.edu.opencart.pages.AHeadPage.getDropdownOptions(AHeadPage.java:179)
at com.softserve.edu.opencart.pages.AHeadPage.getDropdownOptions(AHeadPage.java:179)
at com.softserve.edu.opencart.pages.AHeadPage.getDropdownOptions(AHeadPage.java:179)
at com.softserve.edu.opencart.pages.AHeadPage.getDropdownOptions(AHeadPage.java:179)
at com.softserve.edu.opencart.pages.AHeadPage.getDropdownOptions(AHeadPage.java:179)
at com.softserve.edu.opencart.pages.AHeadPage.getDropdownOptions(AHeadPage.java:179)
at com.softserve.edu.opencart.pages.AHeadPage.getDropdownOptions(AHeadPage.java:179)
at com.softserve.edu.opencart.pages.AHeadPage.getDropdownOptions(AHeadPage.java:179)
at com.softserve.edu.opencart.pages.AHeadPage.getDropdownOptions(AHeadPage.java:179)
at com.softserve.edu.opencart.pages.AHeadPage.getDropdownOptions(AHeadPage.java:179)
at com.softserve.edu.opencart.pages.AHeadPage.getDropdownOptions(AHeadPage.java:179)
at com.softserve.edu.opencart.pages.AHeadPage.getDropdownOptions(AHeadPage.java:179)
at com.softserve.edu.opencart.pages.AHeadPage.getDropdownOptions(AHeadPage.java:179)
at com.softserve.edu.opencart.pages.AHeadPage.getDropdownOptions(AHeadPage.java:179)
at com.softserve.edu.opencart.pages.AHeadPage.getDropdownOptions(AHeadPage.java:179)
at com.softserve.edu.opencart.pages.AHeadPage.getDropdownOptions(AHeadPage.java:179)
at com.softserve.edu.opencart.pages.AHeadPage.getDropdownOptions(AHeadPage.java:179)
at com.softserve.edu.opencart.pages.AHeadPage.getDropdownOptions(AHeadPage.java:179)
at com.softserve.edu.opencart.pages.AHeadPage.getDropdownOptions(AHeadPage.java:179)
at com.softserve.edu.opencart.pages.AHeadPage.getDropdownOptions(AHeadPage.java:179)
at com.softserve.edu.opencart.pages.AHeadPage.getDropdownOptions(AHeadPage.java:179)
at com.softserve.edu.opencart.pages.AHeadPage.getDropdownOptions(AHeadPage.java:179)
at com.softserve.edu.opencart.pages.AHeadPage.getDropdownOptions(AHeadPage.java:179)
at com.softserve.edu.opencart.pages.AHeadPage.getDropdownOptions(AHeadPage.java:179)
at com.softserve.edu.opencart.pages.AHeadPage.getDropdownOptions(AHeadPage.java:179)
at com.softserve.edu.opencart.pages.AHeadPage.getDropdownOptions(AHeadPage.java:179)
at com.softserve.edu.opencart.pages.AHeadPage.getDropdownOptions(AHeadPage.java:179)
at com.softserve.edu.opencart.pages.AHeadPage.getDropdownOptions(AHeadPage.java:179)
at com.softserve.edu.opencart.pages.AHeadPage.getDropdownOptions(AHeadPage.java:179)
at com.softserve.edu.opencart.pages.AHeadPage.getDropdownOptions(AHeadPage.java:179)
at com.softserve.edu.opencart.pages.AHeadPage.getDropdownOptions(AHeadPage.java:179)
at com.softserve.edu.opencart.pages.AHeadPage.getDropdownOptions(AHeadPage.java:179)
at com.softserve.edu.opencart.pages.AHeadPage.getDropdownOptions(AHeadPage.java:179)
at com.softserve.edu.opencart.pages.AHeadPage.getDropdownOptions(AHeadPage.java:179)
at com.softserve.edu.opencart.pages.AHeadPage.getDropdownOptions(AHeadPage.java:179)
at com.softserve.edu.opencart.pages.AHeadPage.getDropdownOptions(AHeadPage.java:179)
at com.softserve.edu.opencart.pages.AHeadPage.getDropdownOptions(AHeadPage.java:179)
at com.softserve.edu.opencart.pages.AHeadPage.getDropdownOptions(AHeadPage.java:179)
at com.softserve.edu.opencart.pages.AHeadPage.getDropdownOptions(AHeadPage.java:179)
at com.softserve.edu.opencart.pages.AHeadPage.getDropdownOptions(AHeadPage.java:179)
at com.softserve.edu.opencart.pages.AHeadPage.getDropdownOptions(AHeadPage.java:179)
at com.softserve.edu.opencart.pages.AHeadPage.getDropdownOptions(AHeadPage.java:179)
at com.softserve.edu.opencart.pages.AHeadPage.getDropdownOptions(AHeadPage.java:179)
at com.softserve.edu.opencart.pages.AHeadPage.getDropdownOptions(AHeadPage.java:179)
at com.softserve.edu.opencart.pages.AHeadPage.getDropdownOptions(AHeadPage.java:179)
at com.softserve.edu.opencart.pages.AHeadPage.getDropdownOptions(AHeadPage.java:179)
at com.softserve.edu.opencart.pages.AHeadPage.getDropdownOptions(AHeadPage.java:179)
at com.softserve.edu.opencart.pages.AHeadPage.getDropdownOptions(AHeadPage.java:179)
at com.softserve.edu.opencart.pages.AHeadPage.getDropdownOptions(AHeadPage.java:179)
at com.softserve.edu.opencart.pages.AHeadPage.getDropdownOptions(AHeadPage.java:179)
at com.softserve.edu.opencart.pages.AHeadPage.getDropdownOptions(AHeadPage.java:179)
at com.softserve.edu.opencart.pages.AHeadPage.getDropdownOptions(AHeadPage.java:179)
at com.softserve.edu.opencart.pages.AHeadPage.getDropdownOptions(AHeadPage.java:179)
at com.softserve.edu.opencart.pages.AHeadPage.getDropdownOptions(AHeadPage.java:179)
at com.softserve.edu.opencart.pages.AHeadPage.getDropdownOptions(AHeadPage.java:179)
at com.softserve.edu.opencart.pages.AHeadPage.getDropdownOptions(AHeadPage.java:179)
at com.softserve.edu.opencart.pages.AHeadPage.getDropdownOptions(AHeadPage.java:179)
at com.softserve.edu.opencart.pages.AHeadPage.getDropdownOptions(AHeadPage.java:179)
at com.softserve.edu.opencart.pages.AHeadPage.getDropdownOptions(AHeadPage.java:179)
at com.softserve.edu.opencart.pages.AHeadPage.getDropdownOptions(AHeadPage.java:179)
at com.softserve.edu.opencart.pages.AHeadPage.getDropdownOptions(AHeadPage.java:179)
at com.softserve.edu.opencart.pages.AHeadPage.getDropdownOptions(AHeadPage.java:179)
at com.softserve.edu.opencart.pages.AHeadPage.getDropdownOptions(AHeadPage.java:179)
at com.softserve.edu.opencart.pages.AHeadPage.getDropdownOptions(AHeadPage.java:179)
at com.softserve.edu.opencart.pages.AHeadPage.getDropdownOptions(AHeadPage.java:179)
at com.softserve.edu.opencart.pages.AHeadPage.getDropdownOptions(AHeadPage.java:179)
at com.softserve.edu.opencart.pages.AHeadPage.getDropdownOptions(AHeadPage.java:179)
at com.softserve.edu.opencart.pages.AHeadPage.getDropdownOptions(AHeadPage.java:179)
at com.softserve.edu.opencart.pages.AHeadPage.getDropdownOptions(AHeadPage.java:179)
at com.softserve.edu.opencart.pages.AHeadPage.getDropdownOptions(AHeadPage.java:179)
at com.softserve.edu.opencart.pages.AHeadPage.getDropdownOptions(AHeadPage.java:179)
at com.softserve.edu.opencart.pages.AHeadPage.getDropdownOptions(AHeadPage.java:179)
at com.softserve.edu.opencart.pages.AHeadPage.getDropdownOptions(AHeadPage.java:179)
at com.softserve.edu.opencart.pages.AHeadPage.getDropdownOptions(AHeadPage.java:179)
at com.softserve.edu.opencart.pages.AHeadPage.getDropdownOptions(AHeadPage.java:179)
at com.softserve.edu.opencart.pages.AHeadPage.getDropdownOptions(AHeadPage.java:179)
at com.softserve.edu.opencart.pages.AHeadPage.getDropdownOptions(AHeadPage.java:179)
at com.softserve.edu.opencart.pages.AHeadPage.getDropdownOptions(AHeadPage.java:179)
at com.softserve.edu.opencart.pages.AHeadPage.getDropdownOptions(AHeadPage.java:179)
at com.softserve.edu.opencart.pages.AHeadPage.getDropdownOptions(AHeadPage.java:179)
at com.softserve.edu.opencart.pages.AHeadPage.getDropdownOptions(AHeadPage.java:179)
at com.softserve.edu.opencart.pages.AHeadPage.getDropdownOptions(AHeadPage.java:179)
at com.softserve.edu.opencart.pages.AHeadPage.getDropdownOptions(AHeadPage.java:179)
at com.softserve.edu.opencart.pages.AHeadPage.getDropdownOptions(AHeadPage.java:179)
at com.softserve.edu.opencart.pages.AHeadPage.getDropdownOptions(AHeadPage.java:179)
at com.softserve.edu.opencart.pages.AHeadPage.getDropdownOptions(AHeadPage.java:179)
at com.softserve.edu.opencart.pages.AHeadPage.getDropdownOptions(AHeadPage.java:179)
at com.softserve.edu.opencart.pages.AHeadPage.getDropdownOptions(AHeadPage.java:179)
at com.softserve.edu.opencart.pages.AHeadPage.getDropdownOptions(AHeadPage.java:179)
at com.softserve.edu.opencart.pages.AHeadPage.getDropdownOptions(AHeadPage.java:179)
at com.softserve.edu.opencart.pages.AHeadPage.getDropdownOptions(AHeadPage.java:179)
at com.softserve.edu.opencart.pages.AHeadPage.getDropdownOptions(AHeadPage.java:179)
at com.softserve.edu.opencart.pages.AHeadPage.getDropdownOptions(AHeadPage.java:179)
at com.softserve.edu.opencart.pages.AHeadPage.getDropdownOptions(AHeadPage.java:179)
at com.softserve.edu.opencart.pages.AHeadPage.getDropdownOptions(AHeadPage.java:179)
at com.softserve.edu.opencart.pages.AHeadPage.getDropdownOptions(AHeadPage.java:179)
at com.softserve.edu.opencart.pages.AHeadPage.getDropdownOptions(AHeadPage.java:179)
at com.softserve.edu.opencart.pages.AHeadPage.getDropdownOptions(AHeadPage.java:179)
at com.softserve.edu.opencart.pages.AHeadPage.getDropdownOptions(AHeadPage.java:179)
at com.softserve.edu.opencart.pages.AHeadPage.getDropdownOptions(AHeadPage.java:179)
at com.softserve.edu.opencart.pages.AHeadPage.getDropdownOptions(AHeadPage.java:179)
at com.softserve.edu.opencart.pages.AHeadPage.getDropdownOptions(AHeadPage.java:179)
at com.softserve.edu.opencart.pages.AHeadPage.getDropdownOptions(AHeadPage.java:179)
at com.softserve.edu.opencart.pages.AHeadPage.getDropdownOptions(AHeadPage.java:179)
at com.softserve.edu.opencart.pages.AHeadPage.getDropdownOptions(AHeadPage.java:179)
at com.softserve.edu.opencart.pages.AHeadPage.getDropdownOptions(AHeadPage.java:179)
at com.softserve.edu.opencart.pages.AHeadPage.getDropdownOptions(AHeadPage.java:179)
at com.softserve.edu.opencart.pages.AHeadPage.getDropdownOptions(AHeadPage.java:179)
at com.softserve.edu.opencart.pages.AHeadPage.getDropdownOptions(AHeadPage.java:179)
at com.softserve.edu.opencart.pages.AHeadPage.getDropdownOptions(AHeadPage.java:179)
at com.softserve.edu.opencart.pages.AHeadPage.getDropdownOptions(AHeadPage.java:179)
at com.softserve.edu.opencart.pages.AHeadPage.getDropdownOptions(AHeadPage.java:179)
at com.softserve.edu.opencart.pages.AHeadPage.getDropdownOptions(AHeadPage.java:179)
at com.softserve.edu.opencart.pages.AHeadPage.getDropdownOptions(AHeadPage.java:179)
at com.softserve.edu.opencart.pages.AHeadPage.getDropdownOptions(AHeadPage.java:179)
at com.softserve.edu.opencart.pages.AHeadPage.getDropdownOptions(AHeadPage.java:179)
at com.softserve.edu.opencart.pages.AHeadPage.getDropdownOptions(AHeadPage.java:179)
at com.softserve.edu.opencart.pages.AHeadPage.getDropdownOptions(AHeadPage.java:179)
at com.softserve.edu.opencart.pages.AHeadPage.getDropdownOptions(AHeadPage.java:179)
at com.softserve.edu.opencart.pages.AHeadPage.getDropdownOptions(AHeadPage.java:179)
at com.softserve.edu.opencart.pages.AHeadPage.getDropdownOptions(AHeadPage.java:179)
at com.softserve.edu.opencart.pages.AHeadPage.getDropdownOptions(AHeadPage.java:179)
at com.softserve.edu.opencart.pages.AHeadPage.getDropdownOptions(AHeadPage.java:179)
at com.softserve.edu.opencart.pages.AHeadPage.getDropdownOptions(AHeadPage.java:179)
at com.softserve.edu.opencart.pages.AHeadPage.getDropdownOptions(AHeadPage.java:179)
at com.softserve.edu.opencart.pages.AHeadPage.getDropdownOptions(AHeadPage.java:179)
at com.softserve.edu.opencart.pages.AHeadPage.getDropdownOptions(AHeadPage.java:179)
at com.softserve.edu.opencart.pages.AHeadPage.getDropdownOptions(AHeadPage.java:179)
at com.softserve.edu.opencart.pages.AHeadPage.getDropdownOptions(AHeadPage.java:179)
at com.softserve.edu.opencart.pages.AHeadPage.getDropdownOptions(AHeadPage.java:179)
at com.softserve.edu.opencart.pages.AHeadPage.getDropdownOptions(AHeadPage.java:179)
at com.softserve.edu.opencart.pages.AHeadPage.getDropdownOptions(AHeadPage.java:179)
at com.softserve.edu.opencart.pages.AHeadPage.getDropdownOptions(AHeadPage.java:179)
at com.softserve.edu.opencart.pages.AHeadPage.getDropdownOptions(AHeadPage.java:179)
at com.softserve.edu.opencart.pages.AHeadPage.getDropdownOptions(AHeadPage.java:179)
at com.softserve.edu.opencart.pages.AHeadPage.getDropdownOptions(AHeadPage.java:179)
at com.softserve.edu.opencart.pages.AHeadPage.getDropdownOptions(AHeadPage.java:179)
at com.softserve.edu.opencart.pages.AHeadPage.getDropdownOptions(AHeadPage.java:179)
at com.softserve.edu.opencart.pages.AHeadPage.getDropdownOptions(AHeadPage.java:179)
at com.softserve.edu.opencart.pages.AHeadPage.getDropdownOptions(AHeadPage.java:179)
at com.softserve.edu.opencart.pages.AHeadPage.getDropdownOptions(AHeadPage.java:179)
at com.softserve.edu.opencart.pages.AHeadPage.getDropdownOptions(AHeadPage.java:179)
at com.softserve.edu.opencart.pages.AHeadPage.getDropdownOptions(AHeadPage.java:179)
at com.softserve.edu.opencart.pages.AHeadPage.getDropdownOptions(AHeadPage.java:179)
at com.softserve.edu.opencart.pages.AHeadPage.getDropdownOptions(AHeadPage.java:179)
at com.softserve.edu.opencart.pages.AHeadPage.getDropdownOptions(AHeadPage.java:179)
at com.softserve.edu.opencart.pages.AHeadPage.getDropdownOptions(AHeadPage.java:179)
at com.softserve.edu.opencart.pages.AHeadPage.getDropdownOptions(AHeadPage.java:179)
at com.softserve.edu.opencart.pages.AHeadPage.getDropdownOptions(AHeadPage.java:179)
at com.softserve.edu.opencart.pages.AHeadPage.getDropdownOptions(AHeadPage.java:179)
at com.softserve.edu.opencart.pages.AHeadPage.getDropdownOptions(AHeadPage.java:179)
at com.softserve.edu.opencart.pages.AHeadPage.getDropdownOptions(AHeadPage.java:179)
at com.softserve.edu.opencart.pages.AHeadPage.getDropdownOptions(AHeadPage.java:179)
at com.softserve.edu.opencart.pages.AHeadPage.getDropdownOptions(AHeadPage.java:179)
at com.softserve.edu.opencart.pages.AHeadPage.getDropdownOptions(AHeadPage.java:179)
at com.softserve.edu.opencart.pages.AHeadPage.getDropdownOptions(AHeadPage.java:179)
at com.softserve.edu.opencart.pages.AHeadPage.getDropdownOptions(AHeadPage.java:179)
at com.softserve.edu.opencart.pages.AHeadPage.getDropdownOptions(AHeadPage.java:179)
at com.softserve.edu.opencart.pages.AHeadPage.getDropdownOptions(AHeadPage.java:179)
at com.softserve.edu.opencart.pages.AHeadPage.getDropdownOptions(AHeadPage.java:179)
at com.softserve.edu.opencart.pages.AHeadPage.getDropdownOptions(AHeadPage.java:179)
at com.softserve.edu.opencart.pages.AHeadPage.getDropdownOptions(AHeadPage.java:179)
at com.softserve.edu.opencart.pages.AHeadPage.getDropdownOptions(AHeadPage.java:179)
at com.softserve.edu.opencart.pages.AHeadPage.getDropdownOptions(AHeadPage.java:179)
at com.softserve.edu.opencart.pages.AHeadPage.getDropdownOptions(AHeadPage.java:179)
at com.softserve.edu.opencart.pages.AHeadPage.getDropdownOptions(AHeadPage.java:179)
at com.softserve.edu.opencart.pages.AHeadPage.getDropdownOptions(AHeadPage.java:179)
at com.softserve.edu.opencart.pages.AHeadPage.getDropdownOptions(AHeadPage.java:179)
at com.softserve.edu.opencart.pages.AHeadPage.getDropdownOptions(AHeadPage.java:179)
at com.softserve.edu.opencart.pages.AHeadPage.getDropdownOptions(AHeadPage.java:179)
at com.softserve.edu.opencart.pages.AHeadPage.getDropdownOptions(AHeadPage.java:179)
at com.softserve.edu.opencart.pages.AHeadPage.getDropdownOptions(AHeadPage.java:179)
at com.softserve.edu.opencart.pages.AHeadPage.getDropdownOptions(AHeadPage.java:179)
at com.softserve.edu.opencart.pages.AHeadPage.getDropdownOptions(AHeadPage.java:179)
at com.softserve.edu.opencart.pages.AHeadPage.getDropdownOptions(AHeadPage.java:179)
at com.softserve.edu.opencart.pages.AHeadPage.getDropdownOptions(AHeadPage.java:179)
at com.softserve.edu.opencart.pages.AHeadPage.getDropdownOptions(AHeadPage.java:179)
at com.softserve.edu.opencart.pages.AHeadPage.getDropdownOptions(AHeadPage.java:179)
at com.softserve.edu.opencart.pages.AHeadPage.getDropdownOptions(AHeadPage.java:179)
at com.softserve.edu.opencart.pages.AHeadPage.getDropdownOptions(AHeadPage.java:179)
at com.softserve.edu.opencart.pages.AHeadPage.getDropdownOptions(AHeadPage.java:179)
at com.softserve.edu.opencart.pages.AHeadPage.getDropdownOptions(AHeadPage.java:179)
at com.softserve.edu.opencart.pages.AHeadPage.getDropdownOptions(AHeadPage.java:179)
at com.softserve.edu.opencart.pages.AHeadPage.getDropdownOptions(AHeadPage.java:179)
at com.softserve.edu.opencart.pages.AHeadPage.getDropdownOptions(AHeadPage.java:179)
at com.softserve.edu.opencart.pages.AHeadPage.getDropdownOptions(AHeadPage.java:179)
at com.softserve.edu.opencart.pages.AHeadPage.getDropdownOptions(AHeadPage.java:179)
at com.softserve.edu.opencart.pages.AHeadPage.getDropdownOptions(AHeadPage.java:179)
at com.softserve.edu.opencart.pages.AHeadPage.getDropdownOptions(AHeadPage.java:179)
at com.softserve.edu.opencart.pages.AHeadPage.getDropdownOptions(AHeadPage.java:179)
at com.softserve.edu.opencart.pages.AHeadPage.getDropdownOptions(AHeadPage.java:179)
at com.softserve.edu.opencart.pages.AHeadPage.getDropdownOptions(AHeadPage.java:179)
at com.softserve.edu.opencart.pages.AHeadPage.getDropdownOptions(AHeadPage.java:179)
at com.softserve.edu.opencart.pages.AHeadPage.getDropdownOptions(AHeadPage.java:179)
at com.softserve.edu.opencart.pages.AHeadPage.getDropdownOptions(AHeadPage.java:179)
at com.softserve.edu.opencart.pages.AHeadPage.getDropdownOptions(AHeadPage.java:179)
at com.softserve.edu.opencart.pages.AHeadPage.getDropdownOptions(AHeadPage.java:179)
at com.softserve.edu.opencart.pages.AHeadPage.getDropdownOptions(AHeadPage.java:179)
at com.softserve.edu.opencart.pages.AHeadPage.getDropdownOptions(AHeadPage.java:179)
at com.softserve.edu.opencart.pages.AHeadPage.getDropdownOptions(AHeadPage.java:179)
at com.softserve.edu.opencart.pages.AHeadPage.getDropdownOptions(AHeadPage.java:179)
at com.softserve.edu.opencart.pages.AHeadPage.getDropdownOptions(AHeadPage.java:179)
at com.softserve.edu.opencart.pages.AHeadPage.getDropdownOptions(AHeadPage.java:179)
at com.softserve.edu.opencart.pages.AHeadPage.getDropdownOptions(AHeadPage.java:179)
at com.softserve.edu.opencart.pages.AHeadPage.getDropdownOptions(AHeadPage.java:179)
at com.softserve.edu.opencart.pages.AHeadPage.getDropdownOptions(AHeadPage.java:179)
at com.softserve.edu.opencart.pages.AHeadPage.getDropdownOptions(AHeadPage.java:179)
at com.softserve.edu.opencart.pages.AHeadPage.getDropdownOptions(AHeadPage.java:179)
at com.softserve.edu.opencart.pages.AHeadPage.getDropdownOptions(AHeadPage.java:179)
at com.softserve.edu.opencart.pages.AHeadPage.getDropdownOptions(AHeadPage.java:179)
at com.softserve.edu.opencart.pages.AHeadPage.getDropdownOptions(AHeadPage.java:179)
at com.softserve.edu.opencart.pages.AHeadPage.getDropdownOptions(AHeadPage.java:179)
at com.softserve.edu.opencart.pages.AHeadPage.getDropdownOptions(AHeadPage.java:179)
at com.softserve.edu.opencart.pages.AHeadPage.getDropdownOptions(AHeadPage.java:179)
at com.softserve.edu.opencart.pages.AHeadPage.getDropdownOptions(AHeadPage.java:179)
at com.softserve.edu.opencart.pages.AHeadPage.getDropdownOptions(AHeadPage.java:179)
at com.softserve.edu.opencart.pages.AHeadPage.getDropdownOptions(AHeadPage.java:179)
at com.softserve.edu.opencart.pages.AHeadPage.getDropdownOptions(AHeadPage.java:179)
at com.softserve.edu.opencart.pages.AHeadPage.getDropdownOptions(AHeadPage.java:179)
at com.softserve.edu.opencart.pages.AHeadPage.getDropdownOptions(AHeadPage.java:179)
at com.softserve.edu.opencart.pages.AHeadPage.getDropdownOptions(AHeadPage.java:179)
at com.softserve.edu.opencart.pages.AHeadPage.getDropdownOptions(AHeadPage.java:179)
at com.softserve.edu.opencart.pages.AHeadPage.getDropdownOptions(AHeadPage.java:179)
at com.softserve.edu.opencart.pages.AHeadPage.getDropdownOptions(AHeadPage.java:179)
at com.softserve.edu.opencart.pages.AHeadPage.getDropdownOptions(AHeadPage.java:179)
at com.softserve.edu.opencart.pages.AHeadPage.getDropdownOptions(AHeadPage.java:179)
at com.softserve.edu.opencart.pages.AHeadPage.getDropdownOptions(AHeadPage.java:179)
at com.softserve.edu.opencart.pages.AHeadPage.getDropdownOptions(AHeadPage.java:179)
at com.softserve.edu.opencart.pages.AHeadPage.getDropdownOptions(AHeadPage.java:179)
at com.softserve.edu.opencart.pages.AHeadPage.getDropdownOptions(AHeadPage.java:179)
at com.softserve.edu.opencart.pages.AHeadPage.getDropdownOptions(AHeadPage.java:179)
at com.softserve.edu.opencart.pages.AHeadPage.getDropdownOptions(AHeadPage.java:179)
at com.softserve.edu.opencart.pages.AHeadPage.getDropdownOptions(AHeadPage.java:179)
at com.softserve.edu.opencart.pages.AHeadPage.getDropdownOptions(AHeadPage.java:179)
at com.softserve.edu.opencart.pages.AHeadPage.getDropdownOptions(AHeadPage.java:179)
at com.softserve.edu.opencart.pages.AHeadPage.getDropdownOptions(AHeadPage.java:179)
at com.softserve.edu.opencart.pages.AHeadPage.getDropdownOptions(AHeadPage.java:179)
at com.softserve.edu.opencart.pages.AHeadPage.getDropdownOptions(AHeadPage.java:179)
at com.softserve.edu.opencart.pages.AHeadPage.getDropdownOptions(AHeadPage.java:179)
at com.softserve.edu.opencart.pages.AHeadPage.getDropdownOptions(AHeadPage.java:179)
at com.softserve.edu.opencart.pages.AHeadPage.getDropdownOptions(AHeadPage.java:179)
at com.softserve.edu.opencart.pages.AHeadPage.getDropdownOptions(AHeadPage.java:179)
at com.softserve.edu.opencart.pages.AHeadPage.getDropdownOptions(AHeadPage.java:179)
at com.softserve.edu.opencart.pages.AHeadPage.getDropdownOptions(AHeadPage.java:179)
at com.softserve.edu.opencart.pages.AHeadPage.getDropdownOptions(AHeadPage.java:179)
at com.softserve.edu.opencart.pages.AHeadPage.getDropdownOptions(AHeadPage.java:179)
at com.softserve.edu.opencart.pages.AHeadPage.getDropdownOptions(AHeadPage.java:179)
at com.softserve.edu.opencart.pages.AHeadPage.getDropdownOptions(AHeadPage.java:179)
at com.softserve.edu.opencart.pages.AHeadPage.getDropdownOptions(AHeadPage.java:179)
at com.softserve.edu.opencart.pages.AHeadPage.getDropdownOptions(AHeadPage.java:179)
at com.softserve.edu.opencart.pages.AHeadPage.getDropdownOptions(AHeadPage.java:179)
at com.softserve.edu.opencart.pages.AHeadPage.getDropdownOptions(AHeadPage.java:179)
at com.softserve.edu.opencart.pages.AHeadPage.getDropdownOptions(AHeadPage.java:179)
at com.softserve.edu.opencart.pages.AHeadPage.getDropdownOptions(AHeadPage.java:179)
at com.softserve.edu.opencart.pages.AHeadPage.getDropdownOptions(AHeadPage.java:179)
at com.softserve.edu.opencart.pages.AHeadPage.getDropdownOptions(AHeadPage.java:179)
at com.softserve.edu.opencart.pages.AHeadPage.getDropdownOptions(AHeadPage.java:179)
at com.softserve.edu.opencart.pages.AHeadPage.getDropdownOptions(AHeadPage.java:179)
at com.softserve.edu.opencart.pages.AHeadPage.getDropdownOptions(AHeadPage.java:179)
at com.softserve.edu.opencart.pages.AHeadPage.getDropdownOptions(AHeadPage.java:179)
at com.softserve.edu.opencart.pages.AHeadPage.getDropdownOptions(AHeadPage.java:179)
at com.softserve.edu.opencart.pages.AHeadPage.getDropdownOptions(AHeadPage.java:179)
at com.softserve.edu.opencart.pages.AHeadPage.getDropdownOptions(AHeadPage.java:179)
at com.softserve.edu.opencart.pages.AHeadPage.getDropdownOptions(AHeadPage.java:179)
at com.softserve.edu.opencart.pages.AHeadPage.getDropdownOptions(AHeadPage.java:179)
at com.softserve.edu.opencart.pages.AHeadPage.getDropdownOptions(AHeadPage.java:179)
at com.softserve.edu.opencart.pages.AHeadPage.getDropdownOptions(AHeadPage.java:179)
at com.softserve.edu.opencart.pages.AHeadPage.getDropdownOptions(AHeadPage.java:179)
at com.softserve.edu.opencart.pages.AHeadPage.getDropdownOptions(AHeadPage.java:179)
at com.softserve.edu.opencart.pages.AHeadPage.getDropdownOptions(AHeadPage.java:179)
at com.softserve.edu.opencart.pages.AHeadPage.getDropdownOptions(AHeadPage.java:179)
at com.softserve.edu.opencart.pages.AHeadPage.getDropdownOptions(AHeadPage.java:179)
at com.softserve.edu.opencart.pages.AHeadPage.getDropdownOptions(AHeadPage.java:179)
at com.softserve.edu.opencart.pages.AHeadPage.getDropdownOptions(AHeadPage.java:179)
at com.softserve.edu.opencart.pages.AHeadPage.getDropdownOptions(AHeadPage.java:179)
at com.softserve.edu.opencart.pages.AHeadPage.getDropdownOptions(AHeadPage.java:179)
at com.softserve.edu.opencart.pages.AHeadPage.getDropdownOptions(AHeadPage.java:179)
at com.softserve.edu.opencart.pages.AHeadPage.getDropdownOptions(AHeadPage.java:179)
at com.softserve.edu.opencart.pages.AHeadPage.getDropdownOptions(AHeadPage.java:179)
at com.softserve.edu.opencart.pages.AHeadPage.getDropdownOptions(AHeadPage.java:179)
at com.softserve.edu.opencart.pages.AHeadPage.getDropdownOptions(AHeadPage.java:179)
at com.softserve.edu.opencart.pages.AHeadPage.getDropdownOptions(AHeadPage.java:179)
at com.softserve.edu.opencart.pages.AHeadPage.getDropdownOptions(AHeadPage.java:179)
at com.softserve.edu.opencart.pages.AHeadPage.getDropdownOptions(AHeadPage.java:179)
at com.softserve.edu.opencart.pages.AHeadPage.getDropdownOptions(AHeadPage.java:179)
at com.softserve.edu.opencart.pages.AHeadPage.getDropdownOptions(AHeadPage.java:179)
at com.softserve.edu.opencart.pages.AHeadPage.getDropdownOptions(AHeadPage.java:179)
at com.softserve.edu.opencart.pages.AHeadPage.getDropdownOptions(AHeadPage.java:179)
at com.softserve.edu.opencart.pages.AHeadPage.getDropdownOptions(AHeadPage.java:179)
at com.softserve.edu.opencart.pages.AHeadPage.getDropdownOptions(AHeadPage.java:179)
at com.softserve.edu.opencart.pages.AHeadPage.getDropdownOptions(AHeadPage.java:179)
at com.softserve.edu.opencart.pages.AHeadPage.getDropdownOptions(AHeadPage.java:179)
at com.softserve.edu.opencart.pages.AHeadPage.getDropdownOptions(AHeadPage.java:179)
at com.softserve.edu.opencart.pages.AHeadPage.getDropdownOptions(AHeadPage.java:179)
at com.softserve.edu.opencart.pages.AHeadPage.getDropdownOptions(AHeadPage.java:179)
at com.softserve.edu.opencart.pages.AHeadPage.getDropdownOptions(AHeadPage.java:179)
at com.softserve.edu.opencart.pages.AHeadPage.getDropdownOptions(AHeadPage.java:179)
at com.softserve.edu.opencart.pages.AHeadPage.getDropdownOptions(AHeadPage.java:179)
at com.softserve.edu.opencart.pages.AHeadPage.getDropdownOptions(AHeadPage.java:179)
at com.softserve.edu.opencart.pages.AHeadPage.getDropdownOptions(AHeadPage.java:179)
at com.softserve.edu.opencart.pages.AHeadPage.getDropdownOptions(AHeadPage.java:179)
at com.softserve.edu.opencart.pages.AHeadPage.getDropdownOptions(AHeadPage.java:179)
at com.softserve.edu.opencart.pages.AHeadPage.getDropdownOptions(AHeadPage.java:179)
at com.softserve.edu.opencart.pages.AHeadPage.getDropdownOptions(AHeadPage.java:179)
at com.softserve.edu.opencart.pages.AHeadPage.getDropdownOptions(AHeadPage.java:179)
at com.softserve.edu.opencart.pages.AHeadPage.getDropdownOptions(AHeadPage.java:179)
at com.softserve.edu.opencart.pages.AHeadPage.getDropdownOptions(AHeadPage.java:179)
at com.softserve.edu.opencart.pages.AHeadPage.getDropdownOptions(AHeadPage.java:179)
at com.softserve.edu.opencart.pages.AHeadPage.getDropdownOptions(AHeadPage.java:179)
at com.softserve.edu.opencart.pages.AHeadPage.getDropdownOptions(AHeadPage.java:179)
at com.softserve.edu.opencart.pages.AHeadPage.getDropdownOptions(AHeadPage.java:179)
at com.softserve.edu.opencart.pages.AHeadPage.getDropdownOptions(AHeadPage.java:179)
at com.softserve.edu.opencart.pages.AHeadPage.getDropdownOptions(AHeadPage.java:179)
at com.softserve.edu.opencart.pages.AHeadPage.getDropdownOptions(AHeadPage.java:179)
at com.softserve.edu.opencart.pages.AHeadPage.getDropdownOptions(AHeadPage.java:179)
at com.softserve.edu.opencart.pages.AHeadPage.getDropdownOptions(AHeadPage.java:179)
at com.softserve.edu.opencart.pages.AHeadPage.getDropdownOptions(AHeadPage.java:179)
at com.softserve.edu.opencart.pages.AHeadPage.getDropdownOptions(AHeadPage.java:179)
at com.softserve.edu.opencart.pages.AHeadPage.getDropdownOptions(AHeadPage.java:179)
at com.softserve.edu.opencart.pages.AHeadPage.getDropdownOptions(AHeadPage.java:179)
at com.softserve.edu.opencart.pages.AHeadPage.getDropdownOptions(AHeadPage.java:179)
at com.softserve.edu.opencart.pages.AHeadPage.getDropdownOptions(AHeadPage.java:179)
at com.softserve.edu.opencart.pages.AHeadPage.getDropdownOptions(AHeadPage.java:179)
at com.softserve.edu.opencart.pages.AHeadPage.getDropdownOptions(AHeadPage.java:179)
at com.softserve.edu.opencart.pages.AHeadPage.getDropdownOptions(AHeadPage.java:179)
at com.softserve.edu.opencart.pages.AHeadPage.getDropdownOptions(AHeadPage.java:179)
at com.softserve.edu.opencart.pages.AHeadPage.getDropdownOptions(AHeadPage.java:179)
at com.softserve.edu.opencart.pages.AHeadPage.getDropdownOptions(AHeadPage.java:179)
at com.softserve.edu.opencart.pages.AHeadPage.getDropdownOptions(AHeadPage.java:179)
at com.softserve.edu.opencart.pages.AHeadPage.getDropdownOptions(AHeadPage.java:179)
at com.softserve.edu.opencart.pages.AHeadPage.getDropdownOptions(AHeadPage.java:179)
at com.softserve.edu.opencart.pages.AHeadPage.getDropdownOptions(AHeadPage.java:179)
at com.softserve.edu.opencart.pages.AHeadPage.getDropdownOptions(AHeadPage.java:179)
at com.softserve.edu.opencart.pages.AHeadPage.getDropdownOptions(AHeadPage.java:179)
at com.softserve.edu.opencart.pages.AHeadPage.getDropdownOptions(AHeadPage.java:179)
at com.softserve.edu.opencart.pages.AHeadPage.getDropdownOptions(AHeadPage.java:179)
at com.softserve.edu.opencart.pages.AHeadPage.getDropdownOptions(AHeadPage.java:179)
at com.softserve.edu.opencart.pages.AHeadPage.getDropdownOptions(AHeadPage.java:179)
at com.softserve.edu.opencart.pages.AHeadPage.getDropdownOptions(AHeadPage.java:179)
at com.softserve.edu.opencart.pages.AHeadPage.getDropdownOptions(AHeadPage.java:179)
at com.softserve.edu.opencart.pages.AHeadPage.getDropdownOptions(AHeadPage.java:179)
at com.softserve.edu.opencart.pages.AHeadPage.getDropdownOptions(AHeadPage.java:179)
at com.softserve.edu.opencart.pages.AHeadPage.getDropdownOptions(AHeadPage.java:179)
at com.softserve.edu.opencart.pages.AHeadPage.getDropdownOptions(AHeadPage.java:179)
at com.softserve.edu.opencart.pages.AHeadPage.getDropdownOptions(AHeadPage.java:179)
at com.softserve.edu.opencart.pages.AHeadPage.getDropdownOptions(AHeadPage.java:179)
at com.softserve.edu.opencart.pages.AHeadPage.getDropdownOptions(AHeadPage.java:179)
at com.softserve.edu.opencart.pages.AHeadPage.getDropdownOptions(AHeadPage.java:179)
at com.softserve.edu.opencart.pages.AHeadPage.getDropdownOptions(AHeadPage.java:179)
at com.softserve.edu.opencart.pages.AHeadPage.getDropdownOptions(AHeadPage.java:179)
at com.softserve.edu.opencart.pages.AHeadPage.getDropdownOptions(AHeadPage.java:179)
at com.softserve.edu.opencart.pages.AHeadPage.getDropdownOptions(AHeadPage.java:179)
at com.softserve.edu.opencart.pages.AHeadPage.getDropdownOptions(AHeadPage.java:179)
at com.softserve.edu.opencart.pages.AHeadPage.getDropdownOptions(AHeadPage.java:179)
at com.softserve.edu.opencart.pages.AHeadPage.getDropdownOptions(AHeadPage.java:179)
at com.softserve.edu.opencart.pages.AHeadPage.getDropdownOptions(AHeadPage.java:179)
at com.softserve.edu.opencart.pages.AHeadPage.getDropdownOptions(AHeadPage.java:179)
at com.softserve.edu.opencart.pages.AHeadPage.getDropdownOptions(AHeadPage.java:179)
at com.softserve.edu.opencart.pages.AHeadPage.getDropdownOptions(AHeadPage.java:179)
at com.softserve.edu.opencart.pages.AHeadPage.getDropdownOptions(AHeadPage.java:179)
at com.softserve.edu.opencart.pages.AHeadPage.getDropdownOptions(AHeadPage.java:179)
at com.softserve.edu.opencart.pages.AHeadPage.getDropdownOptions(AHeadPage.java:179)
at com.softserve.edu.opencart.pages.AHeadPage.getDropdownOptions(AHeadPage.java:179)
at com.softserve.edu.opencart.pages.AHeadPage.getDropdownOptions(AHeadPage.java:179)
at com.softserve.edu.opencart.pages.AHeadPage.getDropdownOptions(AHeadPage.java:179)
at com.softserve.edu.opencart.pages.AHeadPage.getDropdownOptions(AHeadPage.java:179)
at com.softserve.edu.opencart.pages.AHeadPage.getDropdownOptions(AHeadPage.java:179)
at com.softserve.edu.opencart.pages.AHeadPage.getDropdownOptions(AHeadPage.java:179)
at com.softserve.edu.opencart.pages.AHeadPage.getDropdownOptions(AHeadPage.java:179)
at com.softserve.edu.opencart.pages.AHeadPage.getDropdownOptions(AHeadPage.java:179)
at com.softserve.edu.opencart.pages.AHeadPage.getDropdownOptions(AHeadPage.java:179)
at com.softserve.edu.opencart.pages.AHeadPage.getDropdownOptions(AHeadPage.java:179)
at com.softserve.edu.opencart.pages.AHeadPage.getDropdownOptions(AHeadPage.java:179)
at com.softserve.edu.opencart.pages.AHeadPage.getDropdownOptions(AHeadPage.java:179)
at com.softserve.edu.opencart.pages.AHeadPage.getDropdownOptions(AHeadPage.java:179)
at com.softserve.edu.opencart.pages.AHeadPage.getDropdownOptions(AHeadPage.java:179)
at com.softserve.edu.opencart.pages.AHeadPage.getDropdownOptions(AHeadPage.java:179)
at com.softserve.edu.opencart.pages.AHeadPage.getDropdownOptions(AHeadPage.java:179)
at com.softserve.edu.opencart.pages.AHeadPage.getDropdownOptions(AHeadPage.java:179)
at com.softserve.edu.opencart.pages.AHeadPage.getDropdownOptions(AHeadPage.java:179)
at com.softserve.edu.opencart.pages.AHeadPage.getDropdownOptions(AHeadPage.java:179)
at com.softserve.edu.opencart.pages.AHeadPage.getDropdownOptions(AHeadPage.java:179)
at com.softserve.edu.opencart.pages.AHeadPage.getDropdownOptions(AHeadPage.java:179)
at com.softserve.edu.opencart.pages.AHeadPage.getDropdownOptions(AHeadPage.java:179)
at com.softserve.edu.opencart.pages.AHeadPage.getDropdownOptions(AHeadPage.java:179)
at com.softserve.edu.opencart.pages.AHeadPage.getDropdownOptions(AHeadPage.java:179)
at com.softserve.edu.opencart.pages.AHeadPage.getDropdownOptions(AHeadPage.java:179)
at com.softserve.edu.opencart.pages.AHeadPage.getDropdownOptions(AHeadPage.java:179)
at com.softserve.edu.opencart.pages.AHeadPage.getDropdownOptions(AHeadPage.java:179)
at com.softserve.edu.opencart.pages.AHeadPage.getDropdownOptions(AHeadPage.java:179)
at com.softserve.edu.opencart.pages.AHeadPage.getDropdownOptions(AHeadPage.java:179)
at com.softserve.edu.opencart.pages.AHeadPage.getDropdownOptions(AHeadPage.java:179)
at com.softserve.edu.opencart.pages.AHeadPage.getDropdownOptions(AHeadPage.java:179)
at com.softserve.edu.opencart.pages.AHeadPage.getDropdownOptions(AHeadPage.java:179)
at com.softserve.edu.opencart.pages.AHeadPage.getDropdownOptions(AHeadPage.java:179)
at com.softserve.edu.opencart.pages.AHeadPage.getDropdownOptions(AHeadPage.java:179)
at com.softserve.edu.opencart.pages.AHeadPage.getDropdownOptions(AHeadPage.java:179)
at com.softserve.edu.opencart.pages.AHeadPage.getDropdownOptions(AHeadPage.java:179)
at com.softserve.edu.opencart.pages.AHeadPage.getDropdownOptions(AHeadPage.java:179)
at com.softserve.edu.opencart.pages.AHeadPage.getDropdownOptions(AHeadPage.java:179)
at com.softserve.edu.opencart.pages.AHeadPage.getDropdownOptions(AHeadPage.java:179)
at com.softserve.edu.opencart.pages.AHeadPage.getDropdownOptions(AHeadPage.java:179)
at com.softserve.edu.opencart.pages.AHeadPage.getDropdownOptions(AHeadPage.java:179)
at com.softserve.edu.opencart.pages.AHeadPage.getDropdownOptions(AHeadPage.java:179)
at com.softserve.edu.opencart.pages.AHeadPage.getDropdownOptions(AHeadPage.java:179)
at com.softserve.edu.opencart.pages.AHeadPage.getDropdownOptions(AHeadPage.java:179)
at com.softserve.edu.opencart.pages.AHeadPage.getDropdownOptions(AHeadPage.java:179)
at com.softserve.edu.opencart.pages.AHeadPage.getDropdownOptions(AHeadPage.java:179)
at com.softserve.edu.opencart.pages.AHeadPage.getDropdownOptions(AHeadPage.java:179)
at com.softserve.edu.opencart.pages.AHeadPage.getDropdownOptions(AHeadPage.java:179)
at com.softserve.edu.opencart.pages.AHeadPage.getDropdownOptions(AHeadPage.java:179)
at com.softserve.edu.opencart.pages.AHeadPage.getDropdownOptions(AHeadPage.java:179)
at com.softserve.edu.opencart.pages.AHeadPage.getDropdownOptions(AHeadPage.java:179)
at com.softserve.edu.opencart.pages.AHeadPage.getDropdownOptions(AHeadPage.java:179)
at com.softserve.edu.opencart.pages.AHeadPage.getDropdownOptions(AHeadPage.java:179)
at com.softserve.edu.opencart.pages.AHeadPage.getDropdownOptions(AHeadPage.java:179)
at com.softserve.edu.opencart.pages.AHeadPage.getDropdownOptions(AHeadPage.java:179)
at com.softserve.edu.opencart.pages.AHeadPage.getDropdownOptions(AHeadPage.java:179)
at com.softserve.edu.opencart.pages.AHeadPage.getDropdownOptions(AHeadPage.java:179)
at com.softserve.edu.opencart.pages.AHeadPage.getDropdownOptions(AHeadPage.java:179)
at com.softserve.edu.opencart.pages.AHeadPage.getDropdownOptions(AHeadPage.java:179)
at com.softserve.edu.opencart.pages.AHeadPage.getDropdownOptions(AHeadPage.java:179)
at com.softserve.edu.opencart.pages.AHeadPage.getDropdownOptions(AHeadPage.java:179)
at com.softserve.edu.opencart.pages.AHeadPage.getDropdownOptions(AHeadPage.java:179)
at com.softserve.edu.opencart.pages.AHeadPage.getDropdownOptions(AHeadPage.java:179)
at com.softserve.edu.opencart.pages.AHeadPage.getDropdownOptions(AHeadPage.java:179)
at com.softserve.edu.opencart.pages.AHeadPage.getDropdownOptions(AHeadPage.java:179)
at com.softserve.edu.opencart.pages.AHeadPage.getDropdownOptions(AHeadPage.java:179)
at com.softserve.edu.opencart.pages.AHeadPage.getDropdownOptions(AHeadPage.java:179)
at com.softserve.edu.opencart.pages.AHeadPage.getDropdownOptions(AHeadPage.java:179)
at com.softserve.edu.opencart.pages.AHeadPage.getDropdownOptions(AHeadPage.java:179)
at com.softserve.edu.opencart.pages.AHeadPage.getDropdownOptions(AHeadPage.java:179)
at com.softserve.edu.opencart.pages.AHeadPage.getDropdownOptions(AHeadPage.java:179)
at com.softserve.edu.opencart.pages.AHeadPage.getDropdownOptions(AHeadPage.java:179)
at com.softserve.edu.opencart.pages.AHeadPage.getDropdownOptions(AHeadPage.java:179)
at com.softserve.edu.opencart.pages.AHeadPage.getDropdownOptions(AHeadPage.java:179)
at com.softserve.edu.opencart.pages.AHeadPage.getDropdownOptions(AHeadPage.java:179)
at com.softserve.edu.opencart.pages.AHeadPage.getDropdownOptions(AHeadPage.java:179)
at com.softserve.edu.opencart.pages.AHeadPage.getDropdownOptions(AHeadPage.java:179)
at com.softserve.edu.opencart.pages.AHeadPage.getDropdownOptions(AHeadPage.java:179)
at com.softserve.edu.opencart.pages.AHeadPage.getDropdownOptions(AHeadPage.java:179)
at com.softserve.edu.opencart.pages.AHeadPage.getDropdownOptions(AHeadPage.java:179)
at com.softserve.edu.opencart.pages.AHeadPage.getDropdownOptions(AHeadPage.java:179)
at com.softserve.edu.opencart.pages.AHeadPage.getDropdownOptions(AHeadPage.java:179)
at com.softserve.edu.opencart.pages.AHeadPage.getDropdownOptions(AHeadPage.java:179)
at com.softserve.edu.opencart.pages.AHeadPage.getDropdownOptions(AHeadPage.java:179)
at com.softserve.edu.opencart.pages.AHeadPage.getDropdownOptions(AHeadPage.java:179)
at com.softserve.edu.opencart.pages.AHeadPage.getDropdownOptions(AHeadPage.java:179)
at com.softserve.edu.opencart.pages.AHeadPage.getDropdownOptions(AHeadPage.java:179)
at com.softserve.edu.opencart.pages.AHeadPage.getDropdownOptions(AHeadPage.java:179)
at com.softserve.edu.opencart.pages.AHeadPage.getDropdownOptions(AHeadPage.java:179)
at com.softserve.edu.opencart.pages.AHeadPage.getDropdownOptions(AHeadPage.java:179)
at com.softserve.edu.opencart.pages.AHeadPage.getDropdownOptions(AHeadPage.java:179)
at com.softserve.edu.opencart.pages.AHeadPage.getDropdownOptions(AHeadPage.java:179)
at com.softserve.edu.opencart.pages.AHeadPage.getDropdownOptions(AHeadPage.java:179)
at com.softserve.edu.opencart.pages.AHeadPage.getDropdownOptions(AHeadPage.java:179)
at com.softserve.edu.opencart.pages.AHeadPage.getDropdownOptions(AHeadPage.java:179)
at com.softserve.edu.opencart.pages.AHeadPage.getDropdownOptions(AHeadPage.java:179)
at com.softserve.edu.opencart.pages.AHeadPage.getDropdownOptions(AHeadPage.java:179)
at com.softserve.edu.opencart.pages.AHeadPage.getDropdownOptions(AHeadPage.java:179)
at com.softserve.edu.opencart.pages.AHeadPage.getDropdownOptions(AHeadPage.java:179)
at com.softserve.edu.opencart.pages.AHeadPage.getDropdownOptions(AHeadPage.java:179)
at com.softserve.edu.opencart.pages.AHeadPage.getDropdownOptions(AHeadPage.java:179)
at com.softserve.edu.opencart.pages.AHeadPage.getDropdownOptions(AHeadPage.java:179)
at com.softserve.edu.opencart.pages.AHeadPage.getDropdownOptions(AHeadPage.java:179)
at com.softserve.edu.opencart.pages.AHeadPage.getDropdownOptions(AHeadPage.java:179)
at com.softserve.edu.opencart.pages.AHeadPage.getDropdownOptions(AHeadPage.java:179)
at com.softserve.edu.opencart.pages.AHeadPage.getDropdownOptions(AHeadPage.java:179)
at com.softserve.edu.opencart.pages.AHeadPage.getDropdownOptions(AHeadPage.java:179)
at com.softserve.edu.opencart.pages.AHeadPage.getDropdownOptions(AHeadPage.java:179)
at com.softserve.edu.opencart.pages.AHeadPage.getDropdownOptions(AHeadPage.java:179)
at com.softserve.edu.opencart.pages.AHeadPage.getDropdownOptions(AHeadPage.java:179)
at com.softserve.edu.opencart.pages.AHeadPage.getDropdownOptions(AHeadPage.java:179)
at com.softserve.edu.opencart.pages.AHeadPage.getDropdownOptions(AHeadPage.java:179)
at com.softserve.edu.opencart.pages.AHeadPage.getDropdownOptions(AHeadPage.java:179)
at com.softserve.edu.opencart.pages.AHeadPage.getDropdownOptions(AHeadPage.java:179)
at com.softserve.edu.opencart.pages.AHeadPage.getDropdownOptions(AHeadPage.java:179)
at com.softserve.edu.opencart.pages.AHeadPage.getDropdownOptions(AHeadPage.java:179)
at com.softserve.edu.opencart.pages.AHeadPage.getDropdownOptions(AHeadPage.java:179)
at com.softserve.edu.opencart.pages.AHeadPage.getDropdownOptions(AHeadPage.java:179)
at com.softserve.edu.opencart.pages.AHeadPage.getDropdownOptions(AHeadPage.java:179)
at com.softserve.edu.opencart.pages.AHeadPage.getDropdownOptions(AHeadPage.java:179)
at com.softserve.edu.opencart.pages.AHeadPage.getDropdownOptions(AHeadPage.java:179)
at com.softserve.edu.opencart.pages.AHeadPage.getDropdownOptions(AHeadPage.java:179)
at com.softserve.edu.opencart.pages.AHeadPage.getDropdownOptions(AHeadPage.java:179)
at com.softserve.edu.opencart.pages.AHeadPage.getDropdownOptions(AHeadPage.java:179)
at com.softserve.edu.opencart.pages.AHeadPage.getDropdownOptions(AHeadPage.java:179)
at com.softserve.edu.opencart.pages.AHeadPage.getDropdownOptions(AHeadPage.java:179)
at com.softserve.edu.opencart.pages.AHeadPage.getDropdownOptions(AHeadPage.java:179)
at com.softserve.edu.opencart.pages.AHeadPage.getDropdownOptions(AHeadPage.java:179)
at com.softserve.edu.opencart.pages.AHeadPage.getDropdownOptions(AHeadPage.java:179)
at com.softserve.edu.opencart.pages.AHeadPage.getDropdownOptions(AHeadPage.java:179)
at com.softserve.edu.opencart.pages.AHeadPage.getDropdownOptions(AHeadPage.java:179)
at com.softserve.edu.opencart.pages.AHeadPage.getDropdownOptions(AHeadPage.java:179)
at com.softserve.edu.opencart.pages.AHeadPage.getDropdownOptions(AHeadPage.java:179)
at com.softserve.edu.opencart.pages.AHeadPage.getDropdownOptions(AHeadPage.java:179)
at com.softserve.edu.opencart.pages.AHeadPage.getDropdownOptions(AHeadPage.java:179)
at com.softserve.edu.opencart.pages.AHeadPage.getDropdownOptions(AHeadPage.java:179)
at com.softserve.edu.opencart.pages.AHeadPage.getDropdownOptions(AHeadPage.java:179)
at com.softserve.edu.opencart.pages.AHeadPage.getDropdownOptions(AHeadPage.java:179)
at com.softserve.edu.opencart.pages.AHeadPage.getDropdownOptions(AHeadPage.java:179)
at com.softserve.edu.opencart.pages.AHeadPage.getDropdownOptions(AHeadPage.java:179)
at com.softserve.edu.opencart.pages.AHeadPage.getDropdownOptions(AHeadPage.java:179)
at com.softserve.edu.opencart.pages.AHeadPage.getDropdownOptions(AHeadPage.java:179)
at com.softserve.edu.opencart.pages.AHeadPage.getDropdownOptions(AHeadPage.java:179)
at com.softserve.edu.opencart.pages.AHeadPage.getDropdownOptions(AHeadPage.java:179)
at com.softserve.edu.opencart.pages.AHeadPage.getDropdownOptions(AHeadPage.java:179)
at com.softserve.edu.opencart.pages.AHeadPage.getDropdownOptions(AHeadPage.java:179)
at com.softserve.edu.opencart.pages.AHeadPage.getDropdownOptions(AHeadPage.java:179)
at com.softserve.edu.opencart.pages.AHeadPage.getDropdownOptions(AHeadPage.java:179)
at com.softserve.edu.opencart.pages.AHeadPage.getDropdownOptions(AHeadPage.java:179)
at com.softserve.edu.opencart.pages.AHeadPage.getDropdownOptions(AHeadPage.java:179)
at com.softserve.edu.opencart.pages.AHeadPage.getDropdownOptions(AHeadPage.java:179)
at com.softserve.edu.opencart.pages.AHeadPage.getDropdownOptions(AHeadPage.java:179)
at com.softserve.edu.opencart.pages.AHeadPage.getDropdownOptions(AHeadPage.java:179)
at com.softserve.edu.opencart.pages.AHeadPage.getDropdownOptions(AHeadPage.java:179)
at com.softserve.edu.opencart.pages.AHeadPage.getDropdownOptions(AHeadPage.java:179)
at com.softserve.edu.opencart.pages.AHeadPage.getDropdownOptions(AHeadPage.java:179)
at com.softserve.edu.opencart.pages.AHeadPage.getDropdownOptions(AHeadPage.java:179)
at com.softserve.edu.opencart.pages.AHeadPage.getDropdownOptions(AHeadPage.java:179)
at com.softserve.edu.opencart.pages.AHeadPage.getDropdownOptions(AHeadPage.java:179)
at com.softserve.edu.opencart.pages.AHeadPage.getDropdownOptions(AHeadPage.java:179)
at com.softserve.edu.opencart.pages.AHeadPage.getDropdownOptions(AHeadPage.java:179)
at com.softserve.edu.opencart.pages.AHeadPage.getDropdownOptions(AHeadPage.java:179)
at com.softserve.edu.opencart.pages.AHeadPage.getDropdownOptions(AHeadPage.java:179)
at com.softserve.edu.opencart.pages.AHeadPage.getDropdownOptions(AHeadPage.java:179)
at com.softserve.edu.opencart.pages.AHeadPage.getDropdownOptions(AHeadPage.java:179)
at com.softserve.edu.opencart.pages.AHeadPage.getDropdownOptions(AHeadPage.java:179)
at com.softserve.edu.opencart.pages.AHeadPage.getDropdownOptions(AHeadPage.java:179)
at com.softserve.edu.opencart.pages.AHeadPage.getDropdownOptions(AHeadPage.java:179)
at com.softserve.edu.opencart.pages.AHeadPage.getDropdownOptions(AHeadPage.java:179)
at com.softserve.edu.opencart.pages.AHeadPage.getDropdownOptions(AHeadPage.java:179)
at com.softserve.edu.opencart.pages.AHeadPage.getDropdownOptions(AHeadPage.java:179)
at com.softserve.edu.opencart.pages.AHeadPage.getDropdownOptions(AHeadPage.java:179)
at com.softserve.edu.opencart.pages.AHeadPage.getDropdownOptions(AHeadPage.java:179)
at com.softserve.edu.opencart.pages.AHeadPage.getDropdownOptions(AHeadPage.java:179)
at com.softserve.edu.opencart.pages.AHeadPage.getDropdownOptions(AHeadPage.java:179)
at com.softserve.edu.opencart.pages.AHeadPage.getDropdownOptions(AHeadPage.java:179)
at com.softserve.edu.opencart.pages.AHeadPage.getDropdownOptions(AHeadPage.java:179)
at com.softserve.edu.opencart.pages.AHeadPage.getDropdownOptions(AHeadPage.java:179)
at com.softserve.edu.opencart.pages.AHeadPage.getDropdownOptions(AHeadPage.java:179)
at com.softserve.edu.opencart.pages.AHeadPage.getDropdownOptions(AHeadPage.java:179)
at com.softserve.edu.opencart.pages.AHeadPage.getDropdownOptions(AHeadPage.java:179)
at com.softserve.edu.opencart.pages.AHeadPage.getDropdownOptions(AHeadPage.java:179)
at com.softserve.edu.opencart.pages.AHeadPage.getDropdownOptions(AHeadPage.java:179)
at com.softserve.edu.opencart.pages.AHeadPage.getDropdownOptions(AHeadPage.java:179)
at com.softserve.edu.opencart.pages.AHeadPage.getDropdownOptions(AHeadPage.java:179)
at com.softserve.edu.opencart.pages.AHeadPage.getDropdownOptions(AHeadPage.java:179)
at com.softserve.edu.opencart.pages.AHeadPage.getDropdownOptions(AHeadPage.java:179)
at com.softserve.edu.opencart.pages.AHeadPage.getDropdownOptions(AHeadPage.java:179)
at com.softserve.edu.opencart.pages.AHeadPage.getDropdownOptions(AHeadPage.java:179)
at com.softserve.edu.opencart.pages.AHeadPage.getDropdownOptions(AHeadPage.java:179)
at com.softserve.edu.opencart.pages.AHeadPage.getDropdownOptions(AHeadPage.java:179)
at com.softserve.edu.opencart.pages.AHeadPage.getDropdownOptions(AHeadPage.java:179)
at com.softserve.edu.opencart.pages.AHeadPage.getDropdownOptions(AHeadPage.java:179)
at com.softserve.edu.opencart.pages.AHeadPage.getDropdownOptions(AHeadPage.java:179)
at com.softserve.edu.opencart.pages.AHeadPage.getDropdownOptions(AHeadPage.java:179)
at com.softserve.edu.opencart.pages.AHeadPage.getDropdownOptions(AHeadPage.java:179)
at com.softserve.edu.opencart.pages.AHeadPage.getDropdownOptions(AHeadPage.java:179)
at com.softserve.edu.opencart.pages.AHeadPage.getDropdownOptions(AHeadPage.java:179)
at com.softserve.edu.opencart.pages.AHeadPage.getDropdownOptions(AHeadPage.java:179)
at com.softserve.edu.opencart.pages.AHeadPage.getDropdownOptions(AHeadPage.java:179)
at com.softserve.edu.opencart.pages.AHeadPage.getDropdownOptions(AHeadPage.java:179)
at com.softserve.edu.opencart.pages.AHeadPage.getDropdownOptions(AHeadPage.java:179)
at com.softserve.edu.opencart.pages.AHeadPage.getDropdownOptions(AHeadPage.java:179)
at com.softserve.edu.opencart.pages.AHeadPage.getDropdownOptions(AHeadPage.java:179)
at com.softserve.edu.opencart.pages.AHeadPage.getDropdownOptions(AHeadPage.java:179)
at com.softserve.edu.opencart.pages.AHeadPage.getDropdownOptions(AHeadPage.java:179)
at com.softserve.edu.opencart.pages.AHeadPage.getDropdownOptions(AHeadPage.java:179)
at com.softserve.edu.opencart.pages.AHeadPage.getDropdownOptions(AHeadPage.java:179)
at com.softserve.edu.opencart.pages.AHeadPage.getDropdownOptions(AHeadPage.java:179)
at com.softserve.edu.opencart.pages.AHeadPage.getDropdownOptions(AHeadPage.java:179)
at com.softserve.edu.opencart.pages.AHeadPage.getDropdownOptions(AHeadPage.java:179)
at com.softserve.edu.opencart.pages.AHeadPage.getDropdownOptions(AHeadPage.java:179)
at com.softserve.edu.opencart.pages.AHeadPage.getDropdownOptions(AHeadPage.java:179)
at com.softserve.edu.opencart.pages.AHeadPage.getDropdownOptions(AHeadPage.java:179)
at com.softserve.edu.opencart.pages.AHeadPage.getDropdownOptions(AHeadPage.java:179)
at com.softserve.edu.opencart.pages.AHeadPage.getDropdownOptions(AHeadPage.java:179)
at com.softserve.edu.opencart.pages.AHeadPage.getDropdownOptions(AHeadPage.java:179)
at com.softserve.edu.opencart.pages.AHeadPage.getDropdownOptions(AHeadPage.java:179)
at com.softserve.edu.opencart.pages.AHeadPage.getDropdownOptions(AHeadPage.java:179)
at com.softserve.edu.opencart.pages.AHeadPage.getDropdownOptions(AHeadPage.java:179)
at com.softserve.edu.opencart.pages.AHeadPage.getDropdownOptions(AHeadPage.java:179)
at com.softserve.edu.opencart.pages.AHeadPage.getDropdownOptions(AHeadPage.java:179)
at com.softserve.edu.opencart.pages.AHeadPage.getDropdownOptions(AHeadPage.java:179)
at com.softserve.edu.opencart.pages.AHeadPage.getDropdownOptions(AHeadPage.java:179)
at com.softserve.edu.opencart.pages.AHeadPage.getDropdownOptions(AHeadPage.java:179)
at com.softserve.edu.opencart.pages.AHeadPage.getDropdownOptions(AHeadPage.java:179)
at com.softserve.edu.opencart.pages.AHeadPage.getDropdownOptions(AHeadPage.java:179)
at com.softserve.edu.opencart.pages.AHeadPage.getDropdownOptions(AHeadPage.java:179)
at com.softserve.edu.opencart.pages.AHeadPage.getDropdownOptions(AHeadPage.java:179)
at com.softserve.edu.opencart.pages.AHeadPage.getDropdownOptions(AHeadPage.java:179)
at com.softserve.edu.opencart.pages.AHeadPage.getDropdownOptions(AHeadPage.java:179)
at com.softserve.edu.opencart.pages.AHeadPage.getDropdownOptions(AHeadPage.java:179)
at com.softserve.edu.opencart.pages.AHeadPage.getDropdownOptions(AHeadPage.java:179)
at com.softserve.edu.opencart.pages.AHeadPage.getDropdownOptions(AHeadPage.java:179)
at com.softserve.edu.opencart.pages.AHeadPage.getDropdownOptions(AHeadPage.java:179)
at com.softserve.edu.opencart.pages.AHeadPage.getDropdownOptions(AHeadPage.java:179)
at com.softserve.edu.opencart.pages.AHeadPage.getDropdownOptions(AHeadPage.java:179)
at com.softserve.edu.opencart.pages.AHeadPage.getDropdownOptions(AHeadPage.java:179)
at com.softserve.edu.opencart.pages.AHeadPage.getDropdownOptions(AHeadPage.java:179)
at com.softserve.edu.opencart.pages.AHeadPage.getDropdownOptions(AHeadPage.java:179)
at com.softserve.edu.opencart.pages.AHeadPage.getDropdownOptions(AHeadPage.java:179)
]]>
            </full-stacktrace>
          </exception> <!-- java.lang.StackOverflowError -->
          <reporter-output>
          </reporter-output>
        </test-method> <!-- checkLogin -->
        <test-method status="PASS" signature="afterMethod(org.testng.ITestResult)[pri:0, instance:com.softserve.edu.opencart.test.RegistrationTest@c0edeb]" name="afterMethod" is-config="true" duration-ms="629" started-at="2018-12-08T23:15:26Z" finished-at="2018-12-08T23:15:27Z">
          <params>
            <param index="0">
              <value>
                <![CDATA[[TestResult name=checkLogin status=FAILURE method=RegistrationTest.checkLogin(com.softserve.edu.opencart.data.user.IUser)[pri:0, instance:com.softserve.edu.opencart.test.RegistrationTest@c0edeb] output={null}]]]>
              </value>
            </param>
          </params>
          <reporter-output>
          </reporter-output>
        </test-method> <!-- afterMethod -->
        <test-method status="PASS" signature="afterClass()[pri:0, instance:com.softserve.edu.opencart.test.RegistrationTest@c0edeb]" name="afterClass" is-config="true" duration-ms="787" started-at="2018-12-08T23:15:27Z" finished-at="2018-12-08T23:15:28Z">
          <reporter-output>
          </reporter-output>
        </test-method> <!-- afterClass -->
      </class> <!-- com.softserve.edu.opencart.test.RegistrationTest -->
    </test> <!-- Surefire test -->
  </suite> <!-- Surefire suite -->
</testng-results>
