<?xml version="1.0" encoding="UTF-8"?>
<testsuite xmlns:xsi="http://www.w3.org/2001/XMLSchema-instance" xsi:noNamespaceSchemaLocation="https://maven.apache.org/surefire/maven-surefire-plugin/xsd/surefire-test-report.xsd" name="TestSuite" time="132.788" tests="13" errors="0" skipped="0" failures="3">
  <properties>
[...]
</properties>
  <testcase name="duplicateEmailInRegistration" classname="com.softserve.edu.RegistrationTest" time="7.878"/>
  <testcase name="equivalencePartitioningTestInputValues" classname="com.softserve.edu.RegistrationTest" time="3.363"/>
  <testcase name="maximumInputBV" classname="com.softserve.edu.RegistrationTest" time="6.333"/>
  <testcase name="minimumInputBV" classname="com.softserve.edu.RegistrationTest" time="2.866"/>
  <testcase name="overMaximumInputBV" classname="com.softserve.edu.RegistrationTest" time="10.902"/>
  <testcase name="registrationWithOutPrivacyPolicyButton" classname="com.softserve.edu.RegistrationTest" time="7.727"/>
  <testcase name="trueRegistrationTest" classname="com.softserve.edu.RegistrationTest" time="3.139"/>
  <testcase name="unValidEmailInRegistration" classname="com.softserve.edu.RegistrationTest" time="7.444"/>
  <testcase name="voidRegistration" classname="com.softserve.edu.RegistrationTest" time="6.414"/>
  <testcase name="falseEmailInRegestration" classname="local.alpha.test.AlphaTest" time="7.772"/>
  <testcase name="powerUpChromeDriver" classname="local.alpha.test.AlphaTest" time="18.784">
    <failure message="no such element: Unable to locate element: {&quot;method&quot;:&quot;xpath&quot;,&quot;selector&quot;:&quot;//ul[@class = &apos;dropdown-menu dropdown-menu-right&apos;]//a[text()=&apos;Logout&apos;]&quot;}&#10;  (Session info: chrome=70.0.3538.102)&#10;  (Driver info: chromedriver=2.43.600210 (68dcf5eebde37173d4027fa8635e332711d2874a),platform=Windows NT 10.0.17134 x86_64) (WARNING: The server did not provide any stacktrace information)&#10;Command duration or timeout: 0 milliseconds&#10;For documentation on this error, please visit: http://seleniumhq.org/exceptions/no_such_element.html&#10;Build info: version: &apos;3.14.0&apos;, revision: &apos;aacccce0&apos;, time: &apos;2018-08-02T20:19:58.91Z&apos;&#10;System info: host: &apos;DESKTOP-JKE93UK&apos;, ip: &apos;192.168.56.1&apos;, os.name: &apos;Windows 10&apos;, os.arch: &apos;x86&apos;, os.version: &apos;10.0&apos;, java.version: &apos;1.8.0_172&apos;&#10;Driver info: org.openqa.selenium.chrome.ChromeDriver&#10;Capabilities {acceptInsecureCerts: false, acceptSslCerts: false, applicationCacheEnabled: false, browserConnectionEnabled: false, browserName: chrome, chrome: {chromedriverVersion: 2.43.600210 (68dcf5eebde371..., userDataDir: C:\Users\ALTAIR~1\AppData\L...}, cssSelectorsEnabled: true, databaseEnabled: false, goog:chromeOptions: {debuggerAddress: localhost:57980}, handlesAlerts: true, hasTouchScreen: false, javascriptEnabled: true, locationContextEnabled: true, mobileEmulationEnabled: false, nativeEvents: true, networkConnectionEnabled: false, pageLoadStrategy: normal, platform: XP, platformName: XP, rotatable: false, setWindowRect: true, takesHeapSnapshot: true, takesScreenshot: true, unexpectedAlertBehaviour: , unhandledPromptBehavior: , version: 70.0.3538.102, webStorageEnabled: true}&#10;Session ID: e3717477f08ba5d034b5c21835cbb838&#10;*** Element info: {Using=xpath, value=//ul[@class = &apos;dropdown-menu dropdown-menu-right&apos;]//a[text()=&apos;Logout&apos;]}" type="org.openqa.selenium.NoSuchElementException">org.openqa.selenium.NoSuchElementException: 
no such element: Unable to locate element: {"method":"xpath","selector":"//ul[@class = 'dropdown-menu dropdown-menu-right']//a[text()='Logout']"}
  (Session info: chrome=70.0.3538.102)
  (Driver info: chromedriver=2.43.600210 (68dcf5eebde37173d4027fa8635e332711d2874a),platform=Windows NT 10.0.17134 x86_64) (WARNING: The server did not provide any stacktrace information)
Command duration or timeout: 0 milliseconds
For documentation on this error, please visit: http://seleniumhq.org/exceptions/no_such_element.html
Build info: version: '3.14.0', revision: 'aacccce0', time: '2018-08-02T20:19:58.91Z'
System info: host: 'DESKTOP-JKE93UK', ip: '192.168.56.1', os.name: 'Windows 10', os.arch: 'x86', os.version: '10.0', java.version: '1.8.0_172'
Driver info: org.openqa.selenium.chrome.ChromeDriver
Capabilities {acceptInsecureCerts: false, acceptSslCerts: false, applicationCacheEnabled: false, browserConnectionEnabled: false, browserName: chrome, chrome: {chromedriverVersion: 2.43.600210 (68dcf5eebde371..., userDataDir: C:\Users\ALTAIR~1\AppData\L...}, cssSelectorsEnabled: true, databaseEnabled: false, goog:chromeOptions: {debuggerAddress: localhost:57980}, handlesAlerts: true, hasTouchScreen: false, javascriptEnabled: true, locationContextEnabled: true, mobileEmulationEnabled: false, nativeEvents: true, networkConnectionEnabled: false, pageLoadStrategy: normal, platform: XP, platformName: XP, rotatable: false, setWindowRect: true, takesHeapSnapshot: true, takesScreenshot: true, unexpectedAlertBehaviour: , unhandledPromptBehavior: , version: 70.0.3538.102, webStorageEnabled: true}
Session ID: e3717477f08ba5d034b5c21835cbb838
*** Element info: {Using=xpath, value=//ul[@class = 'dropdown-menu dropdown-menu-right']//a[text()='Logout']}
	at local.alpha.test.AlphaTest.powerUpChromeDriver(AlphaTest.java:108)
</failure>
    <system-err><![CDATA[Starting ChromeDriver 2.43.600210 (68dcf5eebde37173d4027fa8635e332711d2874a) on port 35375
Only local connections are allowed.
ноя 16, 2018 2:56:40 AM org.openqa.selenium.remote.ProtocolHandshake createSession
INFO: Detected dialect: OSS
]]></system-err>
  </testcase>
  <testcase name="trueTestRegestration" classname="local.alpha.test.AlphaTest" time="17.741">
    <failure message="Your Account Has Been Created!" type="java.lang.IllegalStateException">java.lang.IllegalStateException: Your Account Has Been Created!
	at local.alpha.test.AlphaTest.trueTestRegestration(AlphaTest.java:296)
</failure>
    <system-err><![CDATA[Starting ChromeDriver 2.43.600210 (68dcf5eebde37173d4027fa8635e332711d2874a) on port 27940
Only local connections are allowed.
ноя 16, 2018 2:56:59 AM org.openqa.selenium.remote.ProtocolHandshake createSession
INFO: Detected dialect: OSS
]]></system-err>
  </testcase>
  <testcase name="trueTestRegestrationTest" classname="local.alpha.test.MavenTest" time="17.765">
    <failure message="Your Account Has Been Created!" type="java.lang.IllegalStateException">java.lang.IllegalStateException: Your Account Has Been Created!
	at local.alpha.test.MavenTest.trueTestRegestrationTest(MavenTest.java:101)
</failure>
    <system-err><![CDATA[Starting ChromeDriver 2.43.600210 (68dcf5eebde37173d4027fa8635e332711d2874a) on port 43102
Only local connections are allowed.
ноя 16, 2018 2:57:17 AM org.openqa.selenium.remote.ProtocolHandshake createSession
INFO: Detected dialect: OSS
]]></system-err>
  </testcase>
</testsuite>